[0.009s] Invoking command in '/home/pc/ros2_humble_moveit2/ros2_ws/build/my_robot_interfaces': CMAKE_PREFIX_PATH=${CMAKE_PREFIX_PATH}:/home/pc/myRobot/install/mybot_description:/opt/ros/humble /usr/bin/cmake /home/pc/ros2_humble_moveit2/ros2_ws/src/my_robot_interfaces -DCMAKE_INSTALL_PREFIX=/home/pc/ros2_humble_moveit2/ros2_ws/install/my_robot_interfaces
[0.081s] -- The C compiler identification is GNU 11.4.0
[0.169s] -- The CXX compiler identification is GNU 11.4.0
[0.176s] -- Detecting C compiler ABI info
[0.245s] -- Detecting C compiler ABI info - done
[0.252s] -- Check for working C compiler: /usr/bin/cc - skipped
[0.252s] -- Detecting C compile features
[0.253s] -- Detecting C compile features - done
[0.255s] -- Detecting CXX compiler ABI info
[0.337s] -- Detecting CXX compiler ABI info - done
[0.345s] -- Check for working CXX compiler: /usr/bin/c++ - skipped
[0.345s] -- Detecting CXX compile features
[0.346s] -- Detecting CXX compile features - done
[0.349s] -- Found ament_cmake: 1.3.13 (/opt/ros/humble/share/ament_cmake/cmake)
[0.502s] -- Found Python3: /usr/bin/python3 (found version "3.10.12") found components: Interpreter 
[0.596s] -- Found rosidl_default_generators: 1.2.0 (/opt/ros/humble/share/rosidl_default_generators/cmake)
[0.600s] -- Using all available rosidl_typesupport_c: rosidl_typesupport_fastrtps_c;rosidl_typesupport_introspection_c
[0.607s] -- Found rosidl_adapter: 3.1.8 (/opt/ros/humble/share/rosidl_adapter/cmake)
[0.649s] -- Using all available rosidl_typesupport_cpp: rosidl_typesupport_fastrtps_cpp;rosidl_typesupport_introspection_cpp
[0.923s] -- Found ament_cmake_ros: 0.10.0 (/opt/ros/humble/share/ament_cmake_ros/cmake)
[1.107s] -- Using all available rosidl_typesupport_c: rosidl_typesupport_fastrtps_c;rosidl_typesupport_introspection_c
[1.329s] -- Using all available rosidl_typesupport_cpp: rosidl_typesupport_fastrtps_cpp;rosidl_typesupport_introspection_cpp
[1.349s] -- Found PythonInterp: /usr/bin/python3 (found suitable version "3.10.12", minimum required is "3.6") 
[1.362s] -- Found python_cmake_module: 0.10.0 (/opt/ros/humble/share/python_cmake_module/cmake)
[1.402s] -- Found PythonLibs: /usr/lib/x86_64-linux-gnu/libpython3.10.so (found suitable version "3.10.12", minimum required is "3.5") 
[1.402s] -- Using PYTHON_EXECUTABLE: /usr/bin/python3
[1.402s] -- Using PYTHON_INCLUDE_DIRS: /usr/include/python3.10
[1.403s] -- Using PYTHON_LIBRARIES: /usr/lib/x86_64-linux-gnu/libpython3.10.so
[1.423s] -- Found PythonExtra: .so  
[1.465s] -- Configuring done
[1.489s] -- Generating done
[1.499s] -- Build files have been written to: /home/pc/ros2_humble_moveit2/ros2_ws/build/my_robot_interfaces
[1.506s] Invoked command in '/home/pc/ros2_humble_moveit2/ros2_ws/build/my_robot_interfaces' returned '0': CMAKE_PREFIX_PATH=${CMAKE_PREFIX_PATH}:/home/pc/myRobot/install/mybot_description:/opt/ros/humble /usr/bin/cmake /home/pc/ros2_humble_moveit2/ros2_ws/src/my_robot_interfaces -DCMAKE_INSTALL_PREFIX=/home/pc/ros2_humble_moveit2/ros2_ws/install/my_robot_interfaces
[1.508s] Invoking command in '/home/pc/ros2_humble_moveit2/ros2_ws/build/my_robot_interfaces': CMAKE_PREFIX_PATH=${CMAKE_PREFIX_PATH}:/home/pc/myRobot/install/mybot_description:/opt/ros/humble /usr/bin/cmake --build /home/pc/ros2_humble_moveit2/ros2_ws/build/my_robot_interfaces -- -j2 -l2
[1.548s] [  3%] [34m[1mGenerating C code for ROS interfaces[0m
[1.562s] [  6%] [34m[1mGenerating C++ code for ROS interfaces[0m
[1.842s] [  6%] Built target my_robot_interfaces__cpp
[1.861s] [  9%] [32mBuilding C object CMakeFiles/my_robot_interfaces__rosidl_generator_c.dir/rosidl_generator_c/my_robot_interfaces/msg/detail/pose_command__functions.c.o[0m
[1.872s] [  9%] Built target ament_cmake_python_copy_my_robot_interfaces
[1.882s] [ 12%] [34m[1mGenerating C++ type support dispatch for ROS interfaces[0m
[1.922s] [ 16%] [32m[1mLinking C shared library libmy_robot_interfaces__rosidl_generator_c.so[0m
[1.965s] [ 16%] Built target my_robot_interfaces__rosidl_generator_c
[1.976s] [ 19%] [34m[1mGenerating C++ type support for eProsima Fast-RTPS[0m
[2.109s] [ 22%] [32mBuilding CXX object CMakeFiles/my_robot_interfaces__rosidl_typesupport_cpp.dir/rosidl_typesupport_cpp/my_robot_interfaces/msg/pose_command__type_support.cpp.o[0m
[2.263s] [ 25%] [32mBuilding CXX object CMakeFiles/my_robot_interfaces__rosidl_typesupport_fastrtps_cpp.dir/rosidl_typesupport_fastrtps_cpp/my_robot_interfaces/msg/detail/dds_fastrtps/pose_command__type_support.cpp.o[0m
[2.425s] [ 29%] [32m[1mLinking CXX shared library libmy_robot_interfaces__rosidl_typesupport_cpp.so[0m
[2.473s] [ 29%] Built target my_robot_interfaces__rosidl_typesupport_cpp
[2.488s] [ 32%] [34m[1mGenerating C++ introspection for ROS interfaces[0m
[2.722s] [ 35%] [32m[1mLinking CXX shared library libmy_robot_interfaces__rosidl_typesupport_fastrtps_cpp.so[0m
[2.779s] [ 38%] [32mBuilding CXX object CMakeFiles/my_robot_interfaces__rosidl_typesupport_introspection_cpp.dir/rosidl_typesupport_introspection_cpp/my_robot_interfaces/msg/detail/pose_command__type_support.cpp.o[0m
[2.846s] [ 38%] Built target my_robot_interfaces__rosidl_typesupport_fastrtps_cpp
[3.128s] running egg_info
[3.128s] creating my_robot_interfaces.egg-info
[3.128s] writing my_robot_interfaces.egg-info/PKG-INFO
[3.128s] writing dependency_links to my_robot_interfaces.egg-info/dependency_links.txt
[3.129s] writing top-level names to my_robot_interfaces.egg-info/top_level.txt
[3.129s] writing manifest file 'my_robot_interfaces.egg-info/SOURCES.txt'
[3.133s] reading manifest file 'my_robot_interfaces.egg-info/SOURCES.txt'
[3.133s] writing manifest file 'my_robot_interfaces.egg-info/SOURCES.txt'
[3.167s] [ 38%] Built target ament_cmake_python_build_my_robot_interfaces_egg
[3.175s] [ 41%] [32m[1mLinking CXX shared library libmy_robot_interfaces__rosidl_typesupport_introspection_cpp.so[0m
[3.179s] [ 45%] [34m[1mGenerating C type support for eProsima Fast-RTPS[0m
[3.222s] [ 45%] Built target my_robot_interfaces__rosidl_typesupport_introspection_cpp
[3.234s] [ 48%] [34m[1mGenerating C introspection for ROS interfaces[0m
[3.590s] [ 51%] [32mBuilding CXX object CMakeFiles/my_robot_interfaces__rosidl_typesupport_fastrtps_c.dir/rosidl_typesupport_fastrtps_c/my_robot_interfaces/msg/detail/pose_command__type_support_c.cpp.o[0m
[3.600s] [ 54%] [32mBuilding C object CMakeFiles/my_robot_interfaces__rosidl_typesupport_introspection_c.dir/rosidl_typesupport_introspection_c/my_robot_interfaces/msg/detail/pose_command__type_support.c.o[0m
[3.635s] [ 58%] [32m[1mLinking C shared library libmy_robot_interfaces__rosidl_typesupport_introspection_c.so[0m
[3.689s] [ 58%] Built target my_robot_interfaces__rosidl_typesupport_introspection_c
[3.704s] [ 61%] [34m[1mGenerating C type support dispatch for ROS interfaces[0m
[3.988s] [ 64%] [32mBuilding CXX object CMakeFiles/my_robot_interfaces__rosidl_typesupport_c.dir/rosidl_typesupport_c/my_robot_interfaces/msg/pose_command__type_support.cpp.o[0m
[4.029s] [ 67%] [32m[1mLinking CXX shared library libmy_robot_interfaces__rosidl_typesupport_c.so[0m
[4.067s] [ 70%] [32m[1mLinking CXX shared library libmy_robot_interfaces__rosidl_typesupport_fastrtps_c.so[0m
[4.074s] [ 70%] Built target my_robot_interfaces__rosidl_typesupport_c
[4.165s] [ 70%] Built target my_robot_interfaces__rosidl_typesupport_fastrtps_c
[4.189s] [ 70%] Built target my_robot_interfaces
[4.211s] [ 74%] [34m[1mGenerating Python code for ROS interfaces[0m
[4.553s] [ 74%] Built target my_robot_interfaces__py
[4.573s] [ 77%] [32mBuilding C object CMakeFiles/my_robot_interfaces__rosidl_generator_py.dir/rosidl_generator_py/my_robot_interfaces/msg/_pose_command_s.c.o[0m
[4.713s] [ 80%] [32m[1mLinking C shared library rosidl_generator_py/my_robot_interfaces/libmy_robot_interfaces__rosidl_generator_py.so[0m
[4.751s] [ 80%] Built target my_robot_interfaces__rosidl_generator_py
[4.774s] [ 83%] [32mBuilding C object CMakeFiles/my_robot_interfaces__rosidl_typesupport_fastrtps_c__pyext.dir/rosidl_generator_py/my_robot_interfaces/_my_robot_interfaces_s.ep.rosidl_typesupport_fastrtps_c.c.o[0m
[4.774s] [ 87%] [32mBuilding C object CMakeFiles/my_robot_interfaces__rosidl_typesupport_introspection_c__pyext.dir/rosidl_generator_py/my_robot_interfaces/_my_robot_interfaces_s.ep.rosidl_typesupport_introspection_c.c.o[0m
[4.854s] [ 90%] [32m[1mLinking C shared library rosidl_generator_py/my_robot_interfaces/my_robot_interfaces_s__rosidl_typesupport_introspection_c.cpython-310-x86_64-linux-gnu.so[0m
[4.858s] [ 93%] [32m[1mLinking C shared library rosidl_generator_py/my_robot_interfaces/my_robot_interfaces_s__rosidl_typesupport_fastrtps_c.cpython-310-x86_64-linux-gnu.so[0m
[4.892s] [ 93%] Built target my_robot_interfaces__rosidl_typesupport_introspection_c__pyext
[4.895s] [ 93%] Built target my_robot_interfaces__rosidl_typesupport_fastrtps_c__pyext
[4.910s] [ 96%] [32mBuilding C object CMakeFiles/my_robot_interfaces__rosidl_typesupport_c__pyext.dir/rosidl_generator_py/my_robot_interfaces/_my_robot_interfaces_s.ep.rosidl_typesupport_c.c.o[0m
[5.001s] [100%] [32m[1mLinking C shared library rosidl_generator_py/my_robot_interfaces/my_robot_interfaces_s__rosidl_typesupport_c.cpython-310-x86_64-linux-gnu.so[0m
[5.039s] [100%] Built target my_robot_interfaces__rosidl_typesupport_c__pyext
[5.053s] Invoked command in '/home/pc/ros2_humble_moveit2/ros2_ws/build/my_robot_interfaces' returned '0': CMAKE_PREFIX_PATH=${CMAKE_PREFIX_PATH}:/home/pc/myRobot/install/mybot_description:/opt/ros/humble /usr/bin/cmake --build /home/pc/ros2_humble_moveit2/ros2_ws/build/my_robot_interfaces -- -j2 -l2
[5.066s] Invoking command in '/home/pc/ros2_humble_moveit2/ros2_ws/build/my_robot_interfaces': CMAKE_PREFIX_PATH=${CMAKE_PREFIX_PATH}:/home/pc/myRobot/install/mybot_description:/opt/ros/humble /usr/bin/cmake --install /home/pc/ros2_humble_moveit2/ros2_ws/build/my_robot_interfaces
[5.074s] -- Install configuration: ""
[5.074s] -- Installing: /home/pc/ros2_humble_moveit2/ros2_ws/install/my_robot_interfaces/share/ament_index/resource_index/rosidl_interfaces/my_robot_interfaces
[5.074s] -- Installing: /home/pc/ros2_humble_moveit2/ros2_ws/install/my_robot_interfaces/include/my_robot_interfaces/my_robot_interfaces
[5.075s] -- Installing: /home/pc/ros2_humble_moveit2/ros2_ws/install/my_robot_interfaces/include/my_robot_interfaces/my_robot_interfaces/msg
[5.075s] -- Installing: /home/pc/ros2_humble_moveit2/ros2_ws/install/my_robot_interfaces/include/my_robot_interfaces/my_robot_interfaces/msg/pose_command.h
[5.075s] -- Installing: /home/pc/ros2_humble_moveit2/ros2_ws/install/my_robot_interfaces/include/my_robot_interfaces/my_robot_interfaces/msg/rosidl_generator_c__visibility_control.h
[5.075s] -- Installing: /home/pc/ros2_humble_moveit2/ros2_ws/install/my_robot_interfaces/include/my_robot_interfaces/my_robot_interfaces/msg/detail
[5.075s] -- Installing: /home/pc/ros2_humble_moveit2/ros2_ws/install/my_robot_interfaces/include/my_robot_interfaces/my_robot_interfaces/msg/detail/pose_command__functions.c
[5.075s] -- Installing: /home/pc/ros2_humble_moveit2/ros2_ws/install/my_robot_interfaces/include/my_robot_interfaces/my_robot_interfaces/msg/detail/pose_command__type_support.h
[5.075s] -- Installing: /home/pc/ros2_humble_moveit2/ros2_ws/install/my_robot_interfaces/include/my_robot_interfaces/my_robot_interfaces/msg/detail/pose_command__functions.h
[5.076s] -- Installing: /home/pc/ros2_humble_moveit2/ros2_ws/install/my_robot_interfaces/include/my_robot_interfaces/my_robot_interfaces/msg/detail/pose_command__struct.h
[5.076s] -- Installing: /home/pc/ros2_humble_moveit2/ros2_ws/install/my_robot_interfaces/share/my_robot_interfaces/environment/library_path.sh
[5.076s] -- Installing: /home/pc/ros2_humble_moveit2/ros2_ws/install/my_robot_interfaces/share/my_robot_interfaces/environment/library_path.dsv
[5.076s] -- Installing: /home/pc/ros2_humble_moveit2/ros2_ws/install/my_robot_interfaces/lib/libmy_robot_interfaces__rosidl_generator_c.so
[5.076s] -- Set runtime path of "/home/pc/ros2_humble_moveit2/ros2_ws/install/my_robot_interfaces/lib/libmy_robot_interfaces__rosidl_generator_c.so" to ""
[5.076s] -- Up-to-date: /home/pc/ros2_humble_moveit2/ros2_ws/install/my_robot_interfaces/include/my_robot_interfaces/my_robot_interfaces
[5.077s] -- Up-to-date: /home/pc/ros2_humble_moveit2/ros2_ws/install/my_robot_interfaces/include/my_robot_interfaces/my_robot_interfaces/msg
[5.077s] -- Up-to-date: /home/pc/ros2_humble_moveit2/ros2_ws/install/my_robot_interfaces/include/my_robot_interfaces/my_robot_interfaces/msg/detail
[5.077s] -- Installing: /home/pc/ros2_humble_moveit2/ros2_ws/install/my_robot_interfaces/include/my_robot_interfaces/my_robot_interfaces/msg/detail/pose_command__rosidl_typesupport_fastrtps_c.h
[5.077s] -- Installing: /home/pc/ros2_humble_moveit2/ros2_ws/install/my_robot_interfaces/include/my_robot_interfaces/my_robot_interfaces/msg/rosidl_typesupport_fastrtps_c__visibility_control.h
[5.077s] -- Installing: /home/pc/ros2_humble_moveit2/ros2_ws/install/my_robot_interfaces/lib/libmy_robot_interfaces__rosidl_typesupport_fastrtps_c.so
[5.077s] -- Set runtime path of "/home/pc/ros2_humble_moveit2/ros2_ws/install/my_robot_interfaces/lib/libmy_robot_interfaces__rosidl_typesupport_fastrtps_c.so" to ""
[5.077s] -- Up-to-date: /home/pc/ros2_humble_moveit2/ros2_ws/install/my_robot_interfaces/include/my_robot_interfaces/my_robot_interfaces
[5.077s] -- Up-to-date: /home/pc/ros2_humble_moveit2/ros2_ws/install/my_robot_interfaces/include/my_robot_interfaces/my_robot_interfaces/msg
[5.078s] -- Installing: /home/pc/ros2_humble_moveit2/ros2_ws/install/my_robot_interfaces/include/my_robot_interfaces/my_robot_interfaces/msg/rosidl_typesupport_introspection_c__visibility_control.h
[5.078s] -- Up-to-date: /home/pc/ros2_humble_moveit2/ros2_ws/install/my_robot_interfaces/include/my_robot_interfaces/my_robot_interfaces/msg/detail
[5.078s] -- Installing: /home/pc/ros2_humble_moveit2/ros2_ws/install/my_robot_interfaces/include/my_robot_interfaces/my_robot_interfaces/msg/detail/pose_command__type_support.c
[5.078s] -- Installing: /home/pc/ros2_humble_moveit2/ros2_ws/install/my_robot_interfaces/include/my_robot_interfaces/my_robot_interfaces/msg/detail/pose_command__rosidl_typesupport_introspection_c.h
[5.078s] -- Installing: /home/pc/ros2_humble_moveit2/ros2_ws/install/my_robot_interfaces/lib/libmy_robot_interfaces__rosidl_typesupport_introspection_c.so
[5.078s] -- Set runtime path of "/home/pc/ros2_humble_moveit2/ros2_ws/install/my_robot_interfaces/lib/libmy_robot_interfaces__rosidl_typesupport_introspection_c.so" to ""
[5.078s] -- Installing: /home/pc/ros2_humble_moveit2/ros2_ws/install/my_robot_interfaces/lib/libmy_robot_interfaces__rosidl_typesupport_c.so
[5.078s] -- Set runtime path of "/home/pc/ros2_humble_moveit2/ros2_ws/install/my_robot_interfaces/lib/libmy_robot_interfaces__rosidl_typesupport_c.so" to ""
[5.079s] -- Up-to-date: /home/pc/ros2_humble_moveit2/ros2_ws/install/my_robot_interfaces/include/my_robot_interfaces/my_robot_interfaces
[5.079s] -- Up-to-date: /home/pc/ros2_humble_moveit2/ros2_ws/install/my_robot_interfaces/include/my_robot_interfaces/my_robot_interfaces/msg
[5.079s] -- Installing: /home/pc/ros2_humble_moveit2/ros2_ws/install/my_robot_interfaces/include/my_robot_interfaces/my_robot_interfaces/msg/pose_command.hpp
[5.079s] -- Up-to-date: /home/pc/ros2_humble_moveit2/ros2_ws/install/my_robot_interfaces/include/my_robot_interfaces/my_robot_interfaces/msg/detail
[5.080s] -- Installing: /home/pc/ros2_humble_moveit2/ros2_ws/install/my_robot_interfaces/include/my_robot_interfaces/my_robot_interfaces/msg/detail/pose_command__struct.hpp
[5.080s] -- Installing: /home/pc/ros2_humble_moveit2/ros2_ws/install/my_robot_interfaces/include/my_robot_interfaces/my_robot_interfaces/msg/detail/pose_command__traits.hpp
[5.080s] -- Installing: /home/pc/ros2_humble_moveit2/ros2_ws/install/my_robot_interfaces/include/my_robot_interfaces/my_robot_interfaces/msg/detail/pose_command__builder.hpp
[5.080s] -- Installing: /home/pc/ros2_humble_moveit2/ros2_ws/install/my_robot_interfaces/include/my_robot_interfaces/my_robot_interfaces/msg/detail/pose_command__type_support.hpp
[5.081s] -- Installing: /home/pc/ros2_humble_moveit2/ros2_ws/install/my_robot_interfaces/include/my_robot_interfaces/my_robot_interfaces/msg/rosidl_generator_cpp__visibility_control.hpp
[5.081s] -- Up-to-date: /home/pc/ros2_humble_moveit2/ros2_ws/install/my_robot_interfaces/include/my_robot_interfaces/my_robot_interfaces
[5.081s] -- Up-to-date: /home/pc/ros2_humble_moveit2/ros2_ws/install/my_robot_interfaces/include/my_robot_interfaces/my_robot_interfaces/msg
[5.081s] -- Installing: /home/pc/ros2_humble_moveit2/ros2_ws/install/my_robot_interfaces/include/my_robot_interfaces/my_robot_interfaces/msg/rosidl_typesupport_fastrtps_cpp__visibility_control.h
[5.081s] -- Up-to-date: /home/pc/ros2_humble_moveit2/ros2_ws/install/my_robot_interfaces/include/my_robot_interfaces/my_robot_interfaces/msg/detail
[5.081s] -- Installing: /home/pc/ros2_humble_moveit2/ros2_ws/install/my_robot_interfaces/include/my_robot_interfaces/my_robot_interfaces/msg/detail/dds_fastrtps
[5.081s] -- Installing: /home/pc/ros2_humble_moveit2/ros2_ws/install/my_robot_interfaces/include/my_robot_interfaces/my_robot_interfaces/msg/detail/pose_command__rosidl_typesupport_fastrtps_cpp.hpp
[5.081s] -- Installing: /home/pc/ros2_humble_moveit2/ros2_ws/install/my_robot_interfaces/lib/libmy_robot_interfaces__rosidl_typesupport_fastrtps_cpp.so
[5.081s] -- Set runtime path of "/home/pc/ros2_humble_moveit2/ros2_ws/install/my_robot_interfaces/lib/libmy_robot_interfaces__rosidl_typesupport_fastrtps_cpp.so" to ""
[5.081s] -- Up-to-date: /home/pc/ros2_humble_moveit2/ros2_ws/install/my_robot_interfaces/include/my_robot_interfaces/my_robot_interfaces
[5.081s] -- Up-to-date: /home/pc/ros2_humble_moveit2/ros2_ws/install/my_robot_interfaces/include/my_robot_interfaces/my_robot_interfaces/msg
[5.081s] -- Up-to-date: /home/pc/ros2_humble_moveit2/ros2_ws/install/my_robot_interfaces/include/my_robot_interfaces/my_robot_interfaces/msg/detail
[5.081s] -- Installing: /home/pc/ros2_humble_moveit2/ros2_ws/install/my_robot_interfaces/include/my_robot_interfaces/my_robot_interfaces/msg/detail/pose_command__rosidl_typesupport_introspection_cpp.hpp
[5.081s] -- Installing: /home/pc/ros2_humble_moveit2/ros2_ws/install/my_robot_interfaces/include/my_robot_interfaces/my_robot_interfaces/msg/detail/pose_command__type_support.cpp
[5.081s] -- Installing: /home/pc/ros2_humble_moveit2/ros2_ws/install/my_robot_interfaces/lib/libmy_robot_interfaces__rosidl_typesupport_introspection_cpp.so
[5.082s] -- Set runtime path of "/home/pc/ros2_humble_moveit2/ros2_ws/install/my_robot_interfaces/lib/libmy_robot_interfaces__rosidl_typesupport_introspection_cpp.so" to ""
[5.082s] -- Installing: /home/pc/ros2_humble_moveit2/ros2_ws/install/my_robot_interfaces/lib/libmy_robot_interfaces__rosidl_typesupport_cpp.so
[5.082s] -- Set runtime path of "/home/pc/ros2_humble_moveit2/ros2_ws/install/my_robot_interfaces/lib/libmy_robot_interfaces__rosidl_typesupport_cpp.so" to ""
[5.082s] -- Installing: /home/pc/ros2_humble_moveit2/ros2_ws/install/my_robot_interfaces/share/my_robot_interfaces/environment/pythonpath.sh
[5.082s] -- Installing: /home/pc/ros2_humble_moveit2/ros2_ws/install/my_robot_interfaces/share/my_robot_interfaces/environment/pythonpath.dsv
[5.082s] -- Installing: /home/pc/ros2_humble_moveit2/ros2_ws/install/my_robot_interfaces/local/lib/python3.10/dist-packages/my_robot_interfaces-0.0.0-py3.10.egg-info
[5.082s] -- Installing: /home/pc/ros2_humble_moveit2/ros2_ws/install/my_robot_interfaces/local/lib/python3.10/dist-packages/my_robot_interfaces-0.0.0-py3.10.egg-info/dependency_links.txt
[5.083s] -- Installing: /home/pc/ros2_humble_moveit2/ros2_ws/install/my_robot_interfaces/local/lib/python3.10/dist-packages/my_robot_interfaces-0.0.0-py3.10.egg-info/SOURCES.txt
[5.083s] -- Installing: /home/pc/ros2_humble_moveit2/ros2_ws/install/my_robot_interfaces/local/lib/python3.10/dist-packages/my_robot_interfaces-0.0.0-py3.10.egg-info/PKG-INFO
[5.083s] -- Installing: /home/pc/ros2_humble_moveit2/ros2_ws/install/my_robot_interfaces/local/lib/python3.10/dist-packages/my_robot_interfaces-0.0.0-py3.10.egg-info/top_level.txt
[5.083s] -- Installing: /home/pc/ros2_humble_moveit2/ros2_ws/install/my_robot_interfaces/local/lib/python3.10/dist-packages/my_robot_interfaces
[5.083s] -- Installing: /home/pc/ros2_humble_moveit2/ros2_ws/install/my_robot_interfaces/local/lib/python3.10/dist-packages/my_robot_interfaces/my_robot_interfaces_s__rosidl_typesupport_introspection_c.cpython-310-x86_64-linux-gnu.so
[5.083s] -- Installing: /home/pc/ros2_humble_moveit2/ros2_ws/install/my_robot_interfaces/local/lib/python3.10/dist-packages/my_robot_interfaces/_my_robot_interfaces_s.ep.rosidl_typesupport_c.c
[5.083s] -- Installing: /home/pc/ros2_humble_moveit2/ros2_ws/install/my_robot_interfaces/local/lib/python3.10/dist-packages/my_robot_interfaces/my_robot_interfaces_s__rosidl_typesupport_fastrtps_c.cpython-310-x86_64-linux-gnu.so
[5.083s] -- Installing: /home/pc/ros2_humble_moveit2/ros2_ws/install/my_robot_interfaces/local/lib/python3.10/dist-packages/my_robot_interfaces/libmy_robot_interfaces__rosidl_generator_py.so
[5.083s] -- Installing: /home/pc/ros2_humble_moveit2/ros2_ws/install/my_robot_interfaces/local/lib/python3.10/dist-packages/my_robot_interfaces/_my_robot_interfaces_s.ep.rosidl_typesupport_fastrtps_c.c
[5.083s] -- Installing: /home/pc/ros2_humble_moveit2/ros2_ws/install/my_robot_interfaces/local/lib/python3.10/dist-packages/my_robot_interfaces/__init__.py
[5.083s] -- Installing: /home/pc/ros2_humble_moveit2/ros2_ws/install/my_robot_interfaces/local/lib/python3.10/dist-packages/my_robot_interfaces/msg
[5.083s] -- Installing: /home/pc/ros2_humble_moveit2/ros2_ws/install/my_robot_interfaces/local/lib/python3.10/dist-packages/my_robot_interfaces/msg/_pose_command.py
[5.084s] -- Installing: /home/pc/ros2_humble_moveit2/ros2_ws/install/my_robot_interfaces/local/lib/python3.10/dist-packages/my_robot_interfaces/msg/__init__.py
[5.084s] -- Installing: /home/pc/ros2_humble_moveit2/ros2_ws/install/my_robot_interfaces/local/lib/python3.10/dist-packages/my_robot_interfaces/msg/_pose_command_s.c
[5.084s] -- Installing: /home/pc/ros2_humble_moveit2/ros2_ws/install/my_robot_interfaces/local/lib/python3.10/dist-packages/my_robot_interfaces/my_robot_interfaces_s__rosidl_typesupport_c.cpython-310-x86_64-linux-gnu.so
[5.084s] -- Installing: /home/pc/ros2_humble_moveit2/ros2_ws/install/my_robot_interfaces/local/lib/python3.10/dist-packages/my_robot_interfaces/_my_robot_interfaces_s.ep.rosidl_typesupport_introspection_c.c
[5.121s] Listing '/home/pc/ros2_humble_moveit2/ros2_ws/install/my_robot_interfaces/local/lib/python3.10/dist-packages/my_robot_interfaces'...
[5.121s] Compiling '/home/pc/ros2_humble_moveit2/ros2_ws/install/my_robot_interfaces/local/lib/python3.10/dist-packages/my_robot_interfaces/__init__.py'...
[5.121s] Listing '/home/pc/ros2_humble_moveit2/ros2_ws/install/my_robot_interfaces/local/lib/python3.10/dist-packages/my_robot_interfaces/msg'...
[5.121s] Compiling '/home/pc/ros2_humble_moveit2/ros2_ws/install/my_robot_interfaces/local/lib/python3.10/dist-packages/my_robot_interfaces/msg/__init__.py'...
[5.122s] Compiling '/home/pc/ros2_humble_moveit2/ros2_ws/install/my_robot_interfaces/local/lib/python3.10/dist-packages/my_robot_interfaces/msg/_pose_command.py'...
[5.126s] -- Installing: /home/pc/ros2_humble_moveit2/ros2_ws/install/my_robot_interfaces/local/lib/python3.10/dist-packages/my_robot_interfaces/my_robot_interfaces_s__rosidl_typesupport_fastrtps_c.cpython-310-x86_64-linux-gnu.so
[5.127s] -- Set runtime path of "/home/pc/ros2_humble_moveit2/ros2_ws/install/my_robot_interfaces/local/lib/python3.10/dist-packages/my_robot_interfaces/my_robot_interfaces_s__rosidl_typesupport_fastrtps_c.cpython-310-x86_64-linux-gnu.so" to ""
[5.128s] -- Installing: /home/pc/ros2_humble_moveit2/ros2_ws/install/my_robot_interfaces/local/lib/python3.10/dist-packages/my_robot_interfaces/my_robot_interfaces_s__rosidl_typesupport_introspection_c.cpython-310-x86_64-linux-gnu.so
[5.128s] -- Set runtime path of "/home/pc/ros2_humble_moveit2/ros2_ws/install/my_robot_interfaces/local/lib/python3.10/dist-packages/my_robot_interfaces/my_robot_interfaces_s__rosidl_typesupport_introspection_c.cpython-310-x86_64-linux-gnu.so" to ""
[5.128s] -- Installing: /home/pc/ros2_humble_moveit2/ros2_ws/install/my_robot_interfaces/local/lib/python3.10/dist-packages/my_robot_interfaces/my_robot_interfaces_s__rosidl_typesupport_c.cpython-310-x86_64-linux-gnu.so
[5.129s] -- Set runtime path of "/home/pc/ros2_humble_moveit2/ros2_ws/install/my_robot_interfaces/local/lib/python3.10/dist-packages/my_robot_interfaces/my_robot_interfaces_s__rosidl_typesupport_c.cpython-310-x86_64-linux-gnu.so" to ""
[5.129s] -- Installing: /home/pc/ros2_humble_moveit2/ros2_ws/install/my_robot_interfaces/lib/libmy_robot_interfaces__rosidl_generator_py.so
[5.129s] -- Set runtime path of "/home/pc/ros2_humble_moveit2/ros2_ws/install/my_robot_interfaces/lib/libmy_robot_interfaces__rosidl_generator_py.so" to ""
[5.131s] -- Installing: /home/pc/ros2_humble_moveit2/ros2_ws/install/my_robot_interfaces/share/my_robot_interfaces/msg/PoseCommand.idl
[5.131s] -- Installing: /home/pc/ros2_humble_moveit2/ros2_ws/install/my_robot_interfaces/share/my_robot_interfaces/msg/PoseCommand.msg
[5.131s] -- Installing: /home/pc/ros2_humble_moveit2/ros2_ws/install/my_robot_interfaces/share/ament_index/resource_index/package_run_dependencies/my_robot_interfaces
[5.131s] -- Installing: /home/pc/ros2_humble_moveit2/ros2_ws/install/my_robot_interfaces/share/ament_index/resource_index/parent_prefix_path/my_robot_interfaces
[5.131s] -- Installing: /home/pc/ros2_humble_moveit2/ros2_ws/install/my_robot_interfaces/share/my_robot_interfaces/environment/ament_prefix_path.sh
[5.131s] -- Installing: /home/pc/ros2_humble_moveit2/ros2_ws/install/my_robot_interfaces/share/my_robot_interfaces/environment/ament_prefix_path.dsv
[5.131s] -- Installing: /home/pc/ros2_humble_moveit2/ros2_ws/install/my_robot_interfaces/share/my_robot_interfaces/environment/path.sh
[5.131s] -- Installing: /home/pc/ros2_humble_moveit2/ros2_ws/install/my_robot_interfaces/share/my_robot_interfaces/environment/path.dsv
[5.131s] -- Installing: /home/pc/ros2_humble_moveit2/ros2_ws/install/my_robot_interfaces/share/my_robot_interfaces/local_setup.bash
[5.131s] -- Installing: /home/pc/ros2_humble_moveit2/ros2_ws/install/my_robot_interfaces/share/my_robot_interfaces/local_setup.sh
[5.132s] -- Installing: /home/pc/ros2_humble_moveit2/ros2_ws/install/my_robot_interfaces/share/my_robot_interfaces/local_setup.zsh
[5.132s] -- Installing: /home/pc/ros2_humble_moveit2/ros2_ws/install/my_robot_interfaces/share/my_robot_interfaces/local_setup.dsv
[5.132s] -- Installing: /home/pc/ros2_humble_moveit2/ros2_ws/install/my_robot_interfaces/share/my_robot_interfaces/package.dsv
[5.132s] -- Installing: /home/pc/ros2_humble_moveit2/ros2_ws/install/my_robot_interfaces/share/ament_index/resource_index/packages/my_robot_interfaces
[5.133s] -- Installing: /home/pc/ros2_humble_moveit2/ros2_ws/install/my_robot_interfaces/share/my_robot_interfaces/cmake/export_my_robot_interfaces__rosidl_generator_cExport.cmake
[5.133s] -- Installing: /home/pc/ros2_humble_moveit2/ros2_ws/install/my_robot_interfaces/share/my_robot_interfaces/cmake/export_my_robot_interfaces__rosidl_generator_cExport-noconfig.cmake
[5.133s] -- Installing: /home/pc/ros2_humble_moveit2/ros2_ws/install/my_robot_interfaces/share/my_robot_interfaces/cmake/export_my_robot_interfaces__rosidl_typesupport_fastrtps_cExport.cmake
[5.133s] -- Installing: /home/pc/ros2_humble_moveit2/ros2_ws/install/my_robot_interfaces/share/my_robot_interfaces/cmake/export_my_robot_interfaces__rosidl_typesupport_fastrtps_cExport-noconfig.cmake
[5.133s] -- Installing: /home/pc/ros2_humble_moveit2/ros2_ws/install/my_robot_interfaces/share/my_robot_interfaces/cmake/my_robot_interfaces__rosidl_typesupport_introspection_cExport.cmake
[5.133s] -- Installing: /home/pc/ros2_humble_moveit2/ros2_ws/install/my_robot_interfaces/share/my_robot_interfaces/cmake/my_robot_interfaces__rosidl_typesupport_introspection_cExport-noconfig.cmake
[5.134s] -- Installing: /home/pc/ros2_humble_moveit2/ros2_ws/install/my_robot_interfaces/share/my_robot_interfaces/cmake/my_robot_interfaces__rosidl_typesupport_cExport.cmake
[5.134s] -- Installing: /home/pc/ros2_humble_moveit2/ros2_ws/install/my_robot_interfaces/share/my_robot_interfaces/cmake/my_robot_interfaces__rosidl_typesupport_cExport-noconfig.cmake
[5.134s] -- Installing: /home/pc/ros2_humble_moveit2/ros2_ws/install/my_robot_interfaces/share/my_robot_interfaces/cmake/export_my_robot_interfaces__rosidl_generator_cppExport.cmake
[5.138s] -- Installing: /home/pc/ros2_humble_moveit2/ros2_ws/install/my_robot_interfaces/share/my_robot_interfaces/cmake/export_my_robot_interfaces__rosidl_typesupport_fastrtps_cppExport.cmake
[5.138s] -- Installing: /home/pc/ros2_humble_moveit2/ros2_ws/install/my_robot_interfaces/share/my_robot_interfaces/cmake/export_my_robot_interfaces__rosidl_typesupport_fastrtps_cppExport-noconfig.cmake
[5.140s] -- Installing: /home/pc/ros2_humble_moveit2/ros2_ws/install/my_robot_interfaces/share/my_robot_interfaces/cmake/my_robot_interfaces__rosidl_typesupport_introspection_cppExport.cmake
[5.140s] -- Installing: /home/pc/ros2_humble_moveit2/ros2_ws/install/my_robot_interfaces/share/my_robot_interfaces/cmake/my_robot_interfaces__rosidl_typesupport_introspection_cppExport-noconfig.cmake
[5.141s] -- Installing: /home/pc/ros2_humble_moveit2/ros2_ws/install/my_robot_interfaces/share/my_robot_interfaces/cmake/my_robot_interfaces__rosidl_typesupport_cppExport.cmake
[5.141s] -- Installing: /home/pc/ros2_humble_moveit2/ros2_ws/install/my_robot_interfaces/share/my_robot_interfaces/cmake/my_robot_interfaces__rosidl_typesupport_cppExport-noconfig.cmake
[5.141s] -- Installing: /home/pc/ros2_humble_moveit2/ros2_ws/install/my_robot_interfaces/share/my_robot_interfaces/cmake/export_my_robot_interfaces__rosidl_generator_pyExport.cmake
[5.141s] -- Installing: /home/pc/ros2_humble_moveit2/ros2_ws/install/my_robot_interfaces/share/my_robot_interfaces/cmake/export_my_robot_interfaces__rosidl_generator_pyExport-noconfig.cmake
[5.141s] -- Installing: /home/pc/ros2_humble_moveit2/ros2_ws/install/my_robot_interfaces/share/my_robot_interfaces/cmake/rosidl_cmake-extras.cmake
[5.141s] -- Installing: /home/pc/ros2_humble_moveit2/ros2_ws/install/my_robot_interfaces/share/my_robot_interfaces/cmake/ament_cmake_export_include_directories-extras.cmake
[5.142s] -- Installing: /home/pc/ros2_humble_moveit2/ros2_ws/install/my_robot_interfaces/share/my_robot_interfaces/cmake/ament_cmake_export_libraries-extras.cmake
[5.142s] -- Installing: /home/pc/ros2_humble_moveit2/ros2_ws/install/my_robot_interfaces/share/my_robot_interfaces/cmake/ament_cmake_export_targets-extras.cmake
[5.142s] -- Installing: /home/pc/ros2_humble_moveit2/ros2_ws/install/my_robot_interfaces/share/my_robot_interfaces/cmake/rosidl_cmake_export_typesupport_targets-extras.cmake
[5.142s] -- Installing: /home/pc/ros2_humble_moveit2/ros2_ws/install/my_robot_interfaces/share/my_robot_interfaces/cmake/ament_cmake_export_dependencies-extras.cmake
[5.142s] -- Installing: /home/pc/ros2_humble_moveit2/ros2_ws/install/my_robot_interfaces/share/my_robot_interfaces/cmake/rosidl_cmake_export_typesupport_libraries-extras.cmake
[5.142s] -- Installing: /home/pc/ros2_humble_moveit2/ros2_ws/install/my_robot_interfaces/share/my_robot_interfaces/cmake/my_robot_interfacesConfig.cmake
[5.143s] -- Installing: /home/pc/ros2_humble_moveit2/ros2_ws/install/my_robot_interfaces/share/my_robot_interfaces/cmake/my_robot_interfacesConfig-version.cmake
[5.143s] -- Installing: /home/pc/ros2_humble_moveit2/ros2_ws/install/my_robot_interfaces/share/my_robot_interfaces/package.xml
[5.145s] Invoked command in '/home/pc/ros2_humble_moveit2/ros2_ws/build/my_robot_interfaces' returned '0': CMAKE_PREFIX_PATH=${CMAKE_PREFIX_PATH}:/home/pc/myRobot/install/mybot_description:/opt/ros/humble /usr/bin/cmake --install /home/pc/ros2_humble_moveit2/ros2_ws/build/my_robot_interfaces
