[0.016s] Invoking command in '/home/pc/ros2_humble_moveit2/ros2_ws/build/my_robot_bringup': AMENT_PREFIX_PATH=/home/pc/ros2_humble_moveit2/ros2_ws/install/my_robot_moveit_config:/home/pc/ros2_humble_moveit2/ros2_ws/install/my_robot_description:${AMENT_PREFIX_PATH} CMAKE_PREFIX_PATH=/home/pc/ros2_humble_moveit2/ros2_ws/install/my_robot_moveit_config:/home/pc/ros2_humble_moveit2/ros2_ws/install/my_robot_description:/home/pc/ros2_ws/install/my_robot_bringup:/home/pc/ros2_ws/install/my_robot_moveit_config:/home/pc/ros2_ws/install/my_robot_commander_cpp:/home/pc/ros2_ws/install/my_robot_interfaces:/home/pc/ros2_ws/install/my_robot_gripper_moveit_config:/home/pc/ros2_ws/install/my_robot_description:/home/pc/myRobot/install/mybot:/home/pc/myRobot/install/mybot_description:/opt/ros/humble /usr/bin/cmake --build /home/pc/ros2_humble_moveit2/ros2_ws/build/my_robot_bringup -- -j2 -l2
[0.058s] Invoked command in '/home/pc/ros2_humble_moveit2/ros2_ws/build/my_robot_bringup' returned '0': AMENT_PREFIX_PATH=/home/pc/ros2_humble_moveit2/ros2_ws/install/my_robot_moveit_config:/home/pc/ros2_humble_moveit2/ros2_ws/install/my_robot_description:${AMENT_PREFIX_PATH} CMAKE_PREFIX_PATH=/home/pc/ros2_humble_moveit2/ros2_ws/install/my_robot_moveit_config:/home/pc/ros2_humble_moveit2/ros2_ws/install/my_robot_description:/home/pc/ros2_ws/install/my_robot_bringup:/home/pc/ros2_ws/install/my_robot_moveit_config:/home/pc/ros2_ws/install/my_robot_commander_cpp:/home/pc/ros2_ws/install/my_robot_interfaces:/home/pc/ros2_ws/install/my_robot_gripper_moveit_config:/home/pc/ros2_ws/install/my_robot_description:/home/pc/myRobot/install/mybot:/home/pc/myRobot/install/mybot_description:/opt/ros/humble /usr/bin/cmake --build /home/pc/ros2_humble_moveit2/ros2_ws/build/my_robot_bringup -- -j2 -l2
[0.069s] Invoking command in '/home/pc/ros2_humble_moveit2/ros2_ws/build/my_robot_bringup': AMENT_PREFIX_PATH=/home/pc/ros2_humble_moveit2/ros2_ws/install/my_robot_moveit_config:/home/pc/ros2_humble_moveit2/ros2_ws/install/my_robot_description:${AMENT_PREFIX_PATH} CMAKE_PREFIX_PATH=/home/pc/ros2_humble_moveit2/ros2_ws/install/my_robot_moveit_config:/home/pc/ros2_humble_moveit2/ros2_ws/install/my_robot_description:/home/pc/ros2_ws/install/my_robot_bringup:/home/pc/ros2_ws/install/my_robot_moveit_config:/home/pc/ros2_ws/install/my_robot_commander_cpp:/home/pc/ros2_ws/install/my_robot_interfaces:/home/pc/ros2_ws/install/my_robot_gripper_moveit_config:/home/pc/ros2_ws/install/my_robot_description:/home/pc/myRobot/install/mybot:/home/pc/myRobot/install/mybot_description:/opt/ros/humble /usr/bin/cmake --install /home/pc/ros2_humble_moveit2/ros2_ws/build/my_robot_bringup
[0.077s] -- Install configuration: ""
[0.077s] -- Up-to-date: /home/pc/ros2_humble_moveit2/ros2_ws/install/my_robot_bringup/share/my_robot_bringup/launch
[0.077s] -- Up-to-date: /home/pc/ros2_humble_moveit2/ros2_ws/install/my_robot_bringup/share/my_robot_bringup/launch/my_robot.launch.xml
[0.077s] -- Up-to-date: /home/pc/ros2_humble_moveit2/ros2_ws/install/my_robot_bringup/share/my_robot_bringup/config
[0.077s] -- Up-to-date: /home/pc/ros2_humble_moveit2/ros2_ws/install/my_robot_bringup/share/my_robot_bringup/config/my_robot_moveit.rviz
[0.077s] -- Up-to-date: /home/pc/ros2_humble_moveit2/ros2_ws/install/my_robot_bringup/share/my_robot_bringup/config/ros2_controllers.yaml
[0.077s] -- Up-to-date: /home/pc/ros2_humble_moveit2/ros2_ws/install/my_robot_bringup/share/ament_index/resource_index/package_run_dependencies/my_robot_bringup
[0.077s] -- Up-to-date: /home/pc/ros2_humble_moveit2/ros2_ws/install/my_robot_bringup/share/ament_index/resource_index/parent_prefix_path/my_robot_bringup
[0.078s] -- Up-to-date: /home/pc/ros2_humble_moveit2/ros2_ws/install/my_robot_bringup/share/my_robot_bringup/environment/ament_prefix_path.sh
[0.078s] -- Up-to-date: /home/pc/ros2_humble_moveit2/ros2_ws/install/my_robot_bringup/share/my_robot_bringup/environment/ament_prefix_path.dsv
[0.078s] -- Up-to-date: /home/pc/ros2_humble_moveit2/ros2_ws/install/my_robot_bringup/share/my_robot_bringup/environment/path.sh
[0.078s] -- Up-to-date: /home/pc/ros2_humble_moveit2/ros2_ws/install/my_robot_bringup/share/my_robot_bringup/environment/path.dsv
[0.078s] -- Up-to-date: /home/pc/ros2_humble_moveit2/ros2_ws/install/my_robot_bringup/share/my_robot_bringup/local_setup.bash
[0.078s] -- Up-to-date: /home/pc/ros2_humble_moveit2/ros2_ws/install/my_robot_bringup/share/my_robot_bringup/local_setup.sh
[0.078s] -- Up-to-date: /home/pc/ros2_humble_moveit2/ros2_ws/install/my_robot_bringup/share/my_robot_bringup/local_setup.zsh
[0.078s] -- Up-to-date: /home/pc/ros2_humble_moveit2/ros2_ws/install/my_robot_bringup/share/my_robot_bringup/local_setup.dsv
[0.078s] -- Up-to-date: /home/pc/ros2_humble_moveit2/ros2_ws/install/my_robot_bringup/share/my_robot_bringup/package.dsv
[0.078s] -- Up-to-date: /home/pc/ros2_humble_moveit2/ros2_ws/install/my_robot_bringup/share/ament_index/resource_index/packages/my_robot_bringup
[0.078s] -- Up-to-date: /home/pc/ros2_humble_moveit2/ros2_ws/install/my_robot_bringup/share/my_robot_bringup/cmake/my_robot_bringupConfig.cmake
[0.078s] -- Up-to-date: /home/pc/ros2_humble_moveit2/ros2_ws/install/my_robot_bringup/share/my_robot_bringup/cmake/my_robot_bringupConfig-version.cmake
[0.078s] -- Up-to-date: /home/pc/ros2_humble_moveit2/ros2_ws/install/my_robot_bringup/share/my_robot_bringup/package.xml
[0.080s] Invoked command in '/home/pc/ros2_humble_moveit2/ros2_ws/build/my_robot_bringup' returned '0': AMENT_PREFIX_PATH=/home/pc/ros2_humble_moveit2/ros2_ws/install/my_robot_moveit_config:/home/pc/ros2_humble_moveit2/ros2_ws/install/my_robot_description:${AMENT_PREFIX_PATH} CMAKE_PREFIX_PATH=/home/pc/ros2_humble_moveit2/ros2_ws/install/my_robot_moveit_config:/home/pc/ros2_humble_moveit2/ros2_ws/install/my_robot_description:/home/pc/ros2_ws/install/my_robot_bringup:/home/pc/ros2_ws/install/my_robot_moveit_config:/home/pc/ros2_ws/install/my_robot_commander_cpp:/home/pc/ros2_ws/install/my_robot_interfaces:/home/pc/ros2_ws/install/my_robot_gripper_moveit_config:/home/pc/ros2_ws/install/my_robot_description:/home/pc/myRobot/install/mybot:/home/pc/myRobot/install/mybot_description:/opt/ros/humble /usr/bin/cmake --install /home/pc/ros2_humble_moveit2/ros2_ws/build/my_robot_bringup
