[0.016s] Invoking command in '/home/pc/ros2_humble_moveit2/ros2_ws/build/my_robot_description': CMAKE_PREFIX_PATH=${CMAKE_PREFIX_PATH}:/home/pc/myRobot/install/mybot_description:/opt/ros/humble /usr/bin/cmake --build /home/pc/ros2_humble_moveit2/ros2_ws/build/my_robot_description -- -j2 -l2
[0.053s] Invoked command in '/home/pc/ros2_humble_moveit2/ros2_ws/build/my_robot_description' returned '0': CMAKE_PREFIX_PATH=${CMAKE_PREFIX_PATH}:/home/pc/myRobot/install/mybot_description:/opt/ros/humble /usr/bin/cmake --build /home/pc/ros2_humble_moveit2/ros2_ws/build/my_robot_description -- -j2 -l2
[0.065s] Invoking command in '/home/pc/ros2_humble_moveit2/ros2_ws/build/my_robot_description': CMAKE_PREFIX_PATH=${CMAKE_PREFIX_PATH}:/home/pc/myRobot/install/mybot_description:/opt/ros/humble /usr/bin/cmake --install /home/pc/ros2_humble_moveit2/ros2_ws/build/my_robot_description
[0.072s] -- Install configuration: ""
[0.072s] -- Up-to-date: /home/pc/ros2_humble_moveit2/ros2_ws/install/my_robot_description/share/ament_index/resource_index/package_run_dependencies/my_robot_description
[0.072s] -- Up-to-date: /home/pc/ros2_humble_moveit2/ros2_ws/install/my_robot_description/share/ament_index/resource_index/parent_prefix_path/my_robot_description
[0.072s] -- Up-to-date: /home/pc/ros2_humble_moveit2/ros2_ws/install/my_robot_description/share/my_robot_description/environment/ament_prefix_path.sh
[0.072s] -- Up-to-date: /home/pc/ros2_humble_moveit2/ros2_ws/install/my_robot_description/share/my_robot_description/environment/ament_prefix_path.dsv
[0.072s] -- Up-to-date: /home/pc/ros2_humble_moveit2/ros2_ws/install/my_robot_description/share/my_robot_description/environment/path.sh
[0.072s] -- Up-to-date: /home/pc/ros2_humble_moveit2/ros2_ws/install/my_robot_description/share/my_robot_description/environment/path.dsv
[0.072s] -- Up-to-date: /home/pc/ros2_humble_moveit2/ros2_ws/install/my_robot_description/share/my_robot_description/local_setup.bash
[0.072s] -- Up-to-date: /home/pc/ros2_humble_moveit2/ros2_ws/install/my_robot_description/share/my_robot_description/local_setup.sh
[0.072s] -- Up-to-date: /home/pc/ros2_humble_moveit2/ros2_ws/install/my_robot_description/share/my_robot_description/local_setup.zsh
[0.073s] -- Up-to-date: /home/pc/ros2_humble_moveit2/ros2_ws/install/my_robot_description/share/my_robot_description/local_setup.dsv
[0.073s] -- Installing: /home/pc/ros2_humble_moveit2/ros2_ws/install/my_robot_description/share/my_robot_description/package.dsv
[0.073s] -- Up-to-date: /home/pc/ros2_humble_moveit2/ros2_ws/install/my_robot_description/share/ament_index/resource_index/packages/my_robot_description
[0.073s] -- Up-to-date: /home/pc/ros2_humble_moveit2/ros2_ws/install/my_robot_description/share/my_robot_description/cmake/my_robot_descriptionConfig.cmake
[0.073s] -- Up-to-date: /home/pc/ros2_humble_moveit2/ros2_ws/install/my_robot_description/share/my_robot_description/cmake/my_robot_descriptionConfig-version.cmake
[0.073s] -- Installing: /home/pc/ros2_humble_moveit2/ros2_ws/install/my_robot_description/share/my_robot_description/package.xml
[0.076s] Invoked command in '/home/pc/ros2_humble_moveit2/ros2_ws/build/my_robot_description' returned '0': CMAKE_PREFIX_PATH=${CMAKE_PREFIX_PATH}:/home/pc/myRobot/install/mybot_description:/opt/ros/humble /usr/bin/cmake --install /home/pc/ros2_humble_moveit2/ros2_ws/build/my_robot_description
