[0.012s] Invoking command in '/home/pc/ros2_humble_moveit2/ros2_ws/build/my_robot_bringup': AMENT_PREFIX_PATH=/home/pc/ros2_humble_moveit2/ros2_ws/install/my_robot_moveit_config:/home/pc/ros2_humble_moveit2/ros2_ws/install/my_robot_description:${AMENT_PREFIX_PATH} CMAKE_PREFIX_PATH=/home/pc/ros2_humble_moveit2/ros2_ws/install/my_robot_moveit_config:/home/pc/ros2_humble_moveit2/ros2_ws/install/my_robot_description:/home/pc/ros2_ws/install/my_robot_bringup:/home/pc/ros2_ws/install/my_robot_moveit_config:/home/pc/ros2_ws/install/my_robot_commander_cpp:/home/pc/ros2_ws/install/my_robot_interfaces:/home/pc/ros2_ws/install/my_robot_gripper_moveit_config:/home/pc/ros2_ws/install/my_robot_description:/home/pc/myRobot/install/mybot:/home/pc/myRobot/install/mybot_description:/opt/ros/humble /usr/bin/cmake /home/pc/ros2_humble_moveit2/ros2_ws/src/my_robot_bringup -DCMAKE_INSTALL_PREFIX=/home/pc/ros2_humble_moveit2/ros2_ws/install/my_robot_bringup
[0.067s] -- The C compiler identification is GNU 11.4.0
[0.119s] -- The CXX compiler identification is GNU 11.4.0
[0.125s] -- Detecting C compiler ABI info
[0.199s] -- Detecting C compiler ABI info - done
[0.204s] -- Check for working C compiler: /usr/bin/cc - skipped
[0.204s] -- Detecting C compile features
[0.205s] -- Detecting C compile features - done
[0.208s] -- Detecting CXX compiler ABI info
[0.288s] -- Detecting CXX compiler ABI info - done
[0.294s] -- Check for working CXX compiler: /usr/bin/c++ - skipped
[0.294s] -- Detecting CXX compile features
[0.295s] -- Detecting CXX compile features - done
[0.298s] -- Found ament_cmake: 1.3.13 (/opt/ros/humble/share/ament_cmake/cmake)
[0.446s] -- Found Python3: /usr/bin/python3 (found version "3.10.12") found components: Interpreter 
[0.625s] -- Configuring done
[0.628s] -- Generating done
[0.632s] -- Build files have been written to: /home/pc/ros2_humble_moveit2/ros2_ws/build/my_robot_bringup
[0.634s] Invoked command in '/home/pc/ros2_humble_moveit2/ros2_ws/build/my_robot_bringup' returned '0': AMENT_PREFIX_PATH=/home/pc/ros2_humble_moveit2/ros2_ws/install/my_robot_moveit_config:/home/pc/ros2_humble_moveit2/ros2_ws/install/my_robot_description:${AMENT_PREFIX_PATH} CMAKE_PREFIX_PATH=/home/pc/ros2_humble_moveit2/ros2_ws/install/my_robot_moveit_config:/home/pc/ros2_humble_moveit2/ros2_ws/install/my_robot_description:/home/pc/ros2_ws/install/my_robot_bringup:/home/pc/ros2_ws/install/my_robot_moveit_config:/home/pc/ros2_ws/install/my_robot_commander_cpp:/home/pc/ros2_ws/install/my_robot_interfaces:/home/pc/ros2_ws/install/my_robot_gripper_moveit_config:/home/pc/ros2_ws/install/my_robot_description:/home/pc/myRobot/install/mybot:/home/pc/myRobot/install/mybot_description:/opt/ros/humble /usr/bin/cmake /home/pc/ros2_humble_moveit2/ros2_ws/src/my_robot_bringup -DCMAKE_INSTALL_PREFIX=/home/pc/ros2_humble_moveit2/ros2_ws/install/my_robot_bringup
[0.635s] Invoking command in '/home/pc/ros2_humble_moveit2/ros2_ws/build/my_robot_bringup': AMENT_PREFIX_PATH=/home/pc/ros2_humble_moveit2/ros2_ws/install/my_robot_moveit_config:/home/pc/ros2_humble_moveit2/ros2_ws/install/my_robot_description:${AMENT_PREFIX_PATH} CMAKE_PREFIX_PATH=/home/pc/ros2_humble_moveit2/ros2_ws/install/my_robot_moveit_config:/home/pc/ros2_humble_moveit2/ros2_ws/install/my_robot_description:/home/pc/ros2_ws/install/my_robot_bringup:/home/pc/ros2_ws/install/my_robot_moveit_config:/home/pc/ros2_ws/install/my_robot_commander_cpp:/home/pc/ros2_ws/install/my_robot_interfaces:/home/pc/ros2_ws/install/my_robot_gripper_moveit_config:/home/pc/ros2_ws/install/my_robot_description:/home/pc/myRobot/install/mybot:/home/pc/myRobot/install/mybot_description:/opt/ros/humble /usr/bin/cmake --build /home/pc/ros2_humble_moveit2/ros2_ws/build/my_robot_bringup -- -j2 -l2
[0.683s] Invoked command in '/home/pc/ros2_humble_moveit2/ros2_ws/build/my_robot_bringup' returned '0': AMENT_PREFIX_PATH=/home/pc/ros2_humble_moveit2/ros2_ws/install/my_robot_moveit_config:/home/pc/ros2_humble_moveit2/ros2_ws/install/my_robot_description:${AMENT_PREFIX_PATH} CMAKE_PREFIX_PATH=/home/pc/ros2_humble_moveit2/ros2_ws/install/my_robot_moveit_config:/home/pc/ros2_humble_moveit2/ros2_ws/install/my_robot_description:/home/pc/ros2_ws/install/my_robot_bringup:/home/pc/ros2_ws/install/my_robot_moveit_config:/home/pc/ros2_ws/install/my_robot_commander_cpp:/home/pc/ros2_ws/install/my_robot_interfaces:/home/pc/ros2_ws/install/my_robot_gripper_moveit_config:/home/pc/ros2_ws/install/my_robot_description:/home/pc/myRobot/install/mybot:/home/pc/myRobot/install/mybot_description:/opt/ros/humble /usr/bin/cmake --build /home/pc/ros2_humble_moveit2/ros2_ws/build/my_robot_bringup -- -j2 -l2
[0.693s] Invoking command in '/home/pc/ros2_humble_moveit2/ros2_ws/build/my_robot_bringup': AMENT_PREFIX_PATH=/home/pc/ros2_humble_moveit2/ros2_ws/install/my_robot_moveit_config:/home/pc/ros2_humble_moveit2/ros2_ws/install/my_robot_description:${AMENT_PREFIX_PATH} CMAKE_PREFIX_PATH=/home/pc/ros2_humble_moveit2/ros2_ws/install/my_robot_moveit_config:/home/pc/ros2_humble_moveit2/ros2_ws/install/my_robot_description:/home/pc/ros2_ws/install/my_robot_bringup:/home/pc/ros2_ws/install/my_robot_moveit_config:/home/pc/ros2_ws/install/my_robot_commander_cpp:/home/pc/ros2_ws/install/my_robot_interfaces:/home/pc/ros2_ws/install/my_robot_gripper_moveit_config:/home/pc/ros2_ws/install/my_robot_description:/home/pc/myRobot/install/mybot:/home/pc/myRobot/install/mybot_description:/opt/ros/humble /usr/bin/cmake --install /home/pc/ros2_humble_moveit2/ros2_ws/build/my_robot_bringup
[0.700s] -- Install configuration: ""
[0.700s] -- Installing: /home/pc/ros2_humble_moveit2/ros2_ws/install/my_robot_bringup/share/my_robot_bringup/launch
[0.704s] -- Installing: /home/pc/ros2_humble_moveit2/ros2_ws/install/my_robot_bringup/share/my_robot_bringup/launch/my_robot.launch.xml
[0.704s] -- Installing: /home/pc/ros2_humble_moveit2/ros2_ws/install/my_robot_bringup/share/my_robot_bringup/config
[0.704s] -- Installing: /home/pc/ros2_humble_moveit2/ros2_ws/install/my_robot_bringup/share/my_robot_bringup/config/my_robot_moveit.rviz
[0.705s] -- Installing: /home/pc/ros2_humble_moveit2/ros2_ws/install/my_robot_bringup/share/my_robot_bringup/config/ros2_controllers.yaml
[0.705s] -- Installing: /home/pc/ros2_humble_moveit2/ros2_ws/install/my_robot_bringup/share/ament_index/resource_index/package_run_dependencies/my_robot_bringup
[0.705s] -- Installing: /home/pc/ros2_humble_moveit2/ros2_ws/install/my_robot_bringup/share/ament_index/resource_index/parent_prefix_path/my_robot_bringup
[0.705s] -- Installing: /home/pc/ros2_humble_moveit2/ros2_ws/install/my_robot_bringup/share/my_robot_bringup/environment/ament_prefix_path.sh
[0.705s] -- Installing: /home/pc/ros2_humble_moveit2/ros2_ws/install/my_robot_bringup/share/my_robot_bringup/environment/ament_prefix_path.dsv
[0.705s] -- Installing: /home/pc/ros2_humble_moveit2/ros2_ws/install/my_robot_bringup/share/my_robot_bringup/environment/path.sh
[0.705s] -- Installing: /home/pc/ros2_humble_moveit2/ros2_ws/install/my_robot_bringup/share/my_robot_bringup/environment/path.dsv
[0.705s] -- Installing: /home/pc/ros2_humble_moveit2/ros2_ws/install/my_robot_bringup/share/my_robot_bringup/local_setup.bash
[0.705s] -- Installing: /home/pc/ros2_humble_moveit2/ros2_ws/install/my_robot_bringup/share/my_robot_bringup/local_setup.sh
[0.706s] -- Installing: /home/pc/ros2_humble_moveit2/ros2_ws/install/my_robot_bringup/share/my_robot_bringup/local_setup.zsh
[0.706s] -- Installing: /home/pc/ros2_humble_moveit2/ros2_ws/install/my_robot_bringup/share/my_robot_bringup/local_setup.dsv
[0.706s] -- Installing: /home/pc/ros2_humble_moveit2/ros2_ws/install/my_robot_bringup/share/my_robot_bringup/package.dsv
[0.706s] -- Installing: /home/pc/ros2_humble_moveit2/ros2_ws/install/my_robot_bringup/share/ament_index/resource_index/packages/my_robot_bringup
[0.706s] -- Installing: /home/pc/ros2_humble_moveit2/ros2_ws/install/my_robot_bringup/share/my_robot_bringup/cmake/my_robot_bringupConfig.cmake
[0.706s] -- Installing: /home/pc/ros2_humble_moveit2/ros2_ws/install/my_robot_bringup/share/my_robot_bringup/cmake/my_robot_bringupConfig-version.cmake
[0.706s] -- Installing: /home/pc/ros2_humble_moveit2/ros2_ws/install/my_robot_bringup/share/my_robot_bringup/package.xml
[0.707s] Invoked command in '/home/pc/ros2_humble_moveit2/ros2_ws/build/my_robot_bringup' returned '0': AMENT_PREFIX_PATH=/home/pc/ros2_humble_moveit2/ros2_ws/install/my_robot_moveit_config:/home/pc/ros2_humble_moveit2/ros2_ws/install/my_robot_description:${AMENT_PREFIX_PATH} CMAKE_PREFIX_PATH=/home/pc/ros2_humble_moveit2/ros2_ws/install/my_robot_moveit_config:/home/pc/ros2_humble_moveit2/ros2_ws/install/my_robot_description:/home/pc/ros2_ws/install/my_robot_bringup:/home/pc/ros2_ws/install/my_robot_moveit_config:/home/pc/ros2_ws/install/my_robot_commander_cpp:/home/pc/ros2_ws/install/my_robot_interfaces:/home/pc/ros2_ws/install/my_robot_gripper_moveit_config:/home/pc/ros2_ws/install/my_robot_description:/home/pc/myRobot/install/mybot:/home/pc/myRobot/install/mybot_description:/opt/ros/humble /usr/bin/cmake --install /home/pc/ros2_humble_moveit2/ros2_ws/build/my_robot_bringup
