[0.008s] Invoking command in '/home/pc/ros2_humble_moveit2/ros2_ws/build/my_robot_moveit_config': AMENT_PREFIX_PATH=/home/pc/ros2_humble_moveit2/ros2_ws/install/my_robot_description:${AMENT_PREFIX_PATH} CMAKE_PREFIX_PATH=/home/pc/ros2_humble_moveit2/ros2_ws/install/my_robot_description:/home/pc/ros2_ws/install/my_robot_bringup:/home/pc/ros2_ws/install/my_robot_moveit_config:/home/pc/ros2_ws/install/my_robot_commander_cpp:/home/pc/ros2_ws/install/my_robot_interfaces:/home/pc/ros2_ws/install/my_robot_gripper_moveit_config:/home/pc/ros2_ws/install/my_robot_description:/home/pc/myRobot/install/mybot:/home/pc/myRobot/install/mybot_description:/opt/ros/humble /usr/bin/cmake /home/pc/ros2_humble_moveit2/ros2_ws/src/my_robot_moveit_config -DCMAKE_INSTALL_PREFIX=/home/pc/ros2_humble_moveit2/ros2_ws/install/my_robot_moveit_config
[0.064s] -- The C compiler identification is GNU 11.4.0
[0.115s] -- The CXX compiler identification is GNU 11.4.0
[0.122s] -- Detecting C compiler ABI info
[0.195s] -- Detecting C compiler ABI info - done
[0.203s] -- Check for working C compiler: /usr/bin/cc - skipped
[0.203s] -- Detecting C compile features
[0.203s] -- Detecting C compile features - done
[0.206s] -- Detecting CXX compiler ABI info
[0.282s] -- Detecting CXX compiler ABI info - done
[0.289s] -- Check for working CXX compiler: /usr/bin/c++ - skipped
[0.289s] -- Detecting CXX compile features
[0.290s] -- Detecting CXX compile features - done
[0.293s] -- Found ament_cmake: 1.3.13 (/opt/ros/humble/share/ament_cmake/cmake)
[0.454s] -- Found Python3: /usr/bin/python3 (found version "3.10.12") found components: Interpreter 
[0.632s] -- Configuring done
[0.633s] -- Generating done
[0.635s] -- Build files have been written to: /home/pc/ros2_humble_moveit2/ros2_ws/build/my_robot_moveit_config
[0.646s] Invoked command in '/home/pc/ros2_humble_moveit2/ros2_ws/build/my_robot_moveit_config' returned '0': AMENT_PREFIX_PATH=/home/pc/ros2_humble_moveit2/ros2_ws/install/my_robot_description:${AMENT_PREFIX_PATH} CMAKE_PREFIX_PATH=/home/pc/ros2_humble_moveit2/ros2_ws/install/my_robot_description:/home/pc/ros2_ws/install/my_robot_bringup:/home/pc/ros2_ws/install/my_robot_moveit_config:/home/pc/ros2_ws/install/my_robot_commander_cpp:/home/pc/ros2_ws/install/my_robot_interfaces:/home/pc/ros2_ws/install/my_robot_gripper_moveit_config:/home/pc/ros2_ws/install/my_robot_description:/home/pc/myRobot/install/mybot:/home/pc/myRobot/install/mybot_description:/opt/ros/humble /usr/bin/cmake /home/pc/ros2_humble_moveit2/ros2_ws/src/my_robot_moveit_config -DCMAKE_INSTALL_PREFIX=/home/pc/ros2_humble_moveit2/ros2_ws/install/my_robot_moveit_config
[0.646s] Invoking command in '/home/pc/ros2_humble_moveit2/ros2_ws/build/my_robot_moveit_config': AMENT_PREFIX_PATH=/home/pc/ros2_humble_moveit2/ros2_ws/install/my_robot_description:${AMENT_PREFIX_PATH} CMAKE_PREFIX_PATH=/home/pc/ros2_humble_moveit2/ros2_ws/install/my_robot_description:/home/pc/ros2_ws/install/my_robot_bringup:/home/pc/ros2_ws/install/my_robot_moveit_config:/home/pc/ros2_ws/install/my_robot_commander_cpp:/home/pc/ros2_ws/install/my_robot_interfaces:/home/pc/ros2_ws/install/my_robot_gripper_moveit_config:/home/pc/ros2_ws/install/my_robot_description:/home/pc/myRobot/install/mybot:/home/pc/myRobot/install/mybot_description:/opt/ros/humble /usr/bin/cmake --build /home/pc/ros2_humble_moveit2/ros2_ws/build/my_robot_moveit_config -- -j2 -l2
[0.682s] Invoked command in '/home/pc/ros2_humble_moveit2/ros2_ws/build/my_robot_moveit_config' returned '0': AMENT_PREFIX_PATH=/home/pc/ros2_humble_moveit2/ros2_ws/install/my_robot_description:${AMENT_PREFIX_PATH} CMAKE_PREFIX_PATH=/home/pc/ros2_humble_moveit2/ros2_ws/install/my_robot_description:/home/pc/ros2_ws/install/my_robot_bringup:/home/pc/ros2_ws/install/my_robot_moveit_config:/home/pc/ros2_ws/install/my_robot_commander_cpp:/home/pc/ros2_ws/install/my_robot_interfaces:/home/pc/ros2_ws/install/my_robot_gripper_moveit_config:/home/pc/ros2_ws/install/my_robot_description:/home/pc/myRobot/install/mybot:/home/pc/myRobot/install/mybot_description:/opt/ros/humble /usr/bin/cmake --build /home/pc/ros2_humble_moveit2/ros2_ws/build/my_robot_moveit_config -- -j2 -l2
[0.690s] Invoking command in '/home/pc/ros2_humble_moveit2/ros2_ws/build/my_robot_moveit_config': AMENT_PREFIX_PATH=/home/pc/ros2_humble_moveit2/ros2_ws/install/my_robot_description:${AMENT_PREFIX_PATH} CMAKE_PREFIX_PATH=/home/pc/ros2_humble_moveit2/ros2_ws/install/my_robot_description:/home/pc/ros2_ws/install/my_robot_bringup:/home/pc/ros2_ws/install/my_robot_moveit_config:/home/pc/ros2_ws/install/my_robot_commander_cpp:/home/pc/ros2_ws/install/my_robot_interfaces:/home/pc/ros2_ws/install/my_robot_gripper_moveit_config:/home/pc/ros2_ws/install/my_robot_description:/home/pc/myRobot/install/mybot:/home/pc/myRobot/install/mybot_description:/opt/ros/humble /usr/bin/cmake --install /home/pc/ros2_humble_moveit2/ros2_ws/build/my_robot_moveit_config
[0.699s] -- Install configuration: ""
[0.699s] -- Installing: /home/pc/ros2_humble_moveit2/ros2_ws/install/my_robot_moveit_config/share/ament_index/resource_index/package_run_dependencies/my_robot_moveit_config
[0.699s] -- Installing: /home/pc/ros2_humble_moveit2/ros2_ws/install/my_robot_moveit_config/share/ament_index/resource_index/parent_prefix_path/my_robot_moveit_config
[0.699s] -- Installing: /home/pc/ros2_humble_moveit2/ros2_ws/install/my_robot_moveit_config/share/my_robot_moveit_config/environment/ament_prefix_path.sh
[0.699s] -- Installing: /home/pc/ros2_humble_moveit2/ros2_ws/install/my_robot_moveit_config/share/my_robot_moveit_config/environment/ament_prefix_path.dsv
[0.700s] -- Installing: /home/pc/ros2_humble_moveit2/ros2_ws/install/my_robot_moveit_config/share/my_robot_moveit_config/environment/path.sh
[0.700s] -- Installing: /home/pc/ros2_humble_moveit2/ros2_ws/install/my_robot_moveit_config/share/my_robot_moveit_config/environment/path.dsv
[0.700s] -- Installing: /home/pc/ros2_humble_moveit2/ros2_ws/install/my_robot_moveit_config/share/my_robot_moveit_config/local_setup.bash
[0.700s] -- Installing: /home/pc/ros2_humble_moveit2/ros2_ws/install/my_robot_moveit_config/share/my_robot_moveit_config/local_setup.sh
[0.700s] -- Installing: /home/pc/ros2_humble_moveit2/ros2_ws/install/my_robot_moveit_config/share/my_robot_moveit_config/local_setup.zsh
[0.700s] -- Installing: /home/pc/ros2_humble_moveit2/ros2_ws/install/my_robot_moveit_config/share/my_robot_moveit_config/local_setup.dsv
[0.700s] -- Installing: /home/pc/ros2_humble_moveit2/ros2_ws/install/my_robot_moveit_config/share/my_robot_moveit_config/package.dsv
[0.700s] -- Installing: /home/pc/ros2_humble_moveit2/ros2_ws/install/my_robot_moveit_config/share/ament_index/resource_index/packages/my_robot_moveit_config
[0.700s] -- Installing: /home/pc/ros2_humble_moveit2/ros2_ws/install/my_robot_moveit_config/share/my_robot_moveit_config/cmake/my_robot_moveit_configConfig.cmake
[0.700s] -- Installing: /home/pc/ros2_humble_moveit2/ros2_ws/install/my_robot_moveit_config/share/my_robot_moveit_config/cmake/my_robot_moveit_configConfig-version.cmake
[0.700s] -- Installing: /home/pc/ros2_humble_moveit2/ros2_ws/install/my_robot_moveit_config/share/my_robot_moveit_config/package.xml
[0.701s] -- Installing: /home/pc/ros2_humble_moveit2/ros2_ws/install/my_robot_moveit_config/share/my_robot_moveit_config/launch
[0.701s] -- Installing: /home/pc/ros2_humble_moveit2/ros2_ws/install/my_robot_moveit_config/share/my_robot_moveit_config/launch/moveit_rviz.launch.py
[0.701s] -- Installing: /home/pc/ros2_humble_moveit2/ros2_ws/install/my_robot_moveit_config/share/my_robot_moveit_config/launch/warehouse_db.launch.py
[0.701s] -- Installing: /home/pc/ros2_humble_moveit2/ros2_ws/install/my_robot_moveit_config/share/my_robot_moveit_config/launch/rsp.launch.py
[0.701s] -- Installing: /home/pc/ros2_humble_moveit2/ros2_ws/install/my_robot_moveit_config/share/my_robot_moveit_config/launch/setup_assistant.launch.py
[0.701s] -- Installing: /home/pc/ros2_humble_moveit2/ros2_ws/install/my_robot_moveit_config/share/my_robot_moveit_config/launch/spawn_controllers.launch.py
[0.701s] -- Installing: /home/pc/ros2_humble_moveit2/ros2_ws/install/my_robot_moveit_config/share/my_robot_moveit_config/launch/demo.launch.py
[0.701s] -- Installing: /home/pc/ros2_humble_moveit2/ros2_ws/install/my_robot_moveit_config/share/my_robot_moveit_config/launch/move_group.launch.py
[0.702s] -- Installing: /home/pc/ros2_humble_moveit2/ros2_ws/install/my_robot_moveit_config/share/my_robot_moveit_config/launch/static_virtual_joint_tfs.launch.py
[0.702s] -- Installing: /home/pc/ros2_humble_moveit2/ros2_ws/install/my_robot_moveit_config/share/my_robot_moveit_config/config
[0.702s] -- Installing: /home/pc/ros2_humble_moveit2/ros2_ws/install/my_robot_moveit_config/share/my_robot_moveit_config/config/moveit.rviz
[0.702s] -- Installing: /home/pc/ros2_humble_moveit2/ros2_ws/install/my_robot_moveit_config/share/my_robot_moveit_config/config/my_robot.urdf.xacro
[0.702s] -- Installing: /home/pc/ros2_humble_moveit2/ros2_ws/install/my_robot_moveit_config/share/my_robot_moveit_config/config/moveit_controllers.yaml
[0.702s] -- Installing: /home/pc/ros2_humble_moveit2/ros2_ws/install/my_robot_moveit_config/share/my_robot_moveit_config/config/sensors_3d.yaml
[0.702s] -- Installing: /home/pc/ros2_humble_moveit2/ros2_ws/install/my_robot_moveit_config/share/my_robot_moveit_config/config/initial_positions.yaml
[0.702s] -- Installing: /home/pc/ros2_humble_moveit2/ros2_ws/install/my_robot_moveit_config/share/my_robot_moveit_config/config/my_robot.srdf
[0.702s] -- Installing: /home/pc/ros2_humble_moveit2/ros2_ws/install/my_robot_moveit_config/share/my_robot_moveit_config/config/pilz_cartesian_limits.yaml
[0.702s] -- Installing: /home/pc/ros2_humble_moveit2/ros2_ws/install/my_robot_moveit_config/share/my_robot_moveit_config/config/kinematics.yaml
[0.702s] -- Installing: /home/pc/ros2_humble_moveit2/ros2_ws/install/my_robot_moveit_config/share/my_robot_moveit_config/config/joint_limits.yaml
[0.702s] -- Installing: /home/pc/ros2_humble_moveit2/ros2_ws/install/my_robot_moveit_config/share/my_robot_moveit_config/config/ros2_controllers.yaml
[0.702s] -- Installing: /home/pc/ros2_humble_moveit2/ros2_ws/install/my_robot_moveit_config/share/my_robot_moveit_config/config/my_robot.ros2_control.xacro
[0.703s] [31mCMake Error at cmake_install.cmake:113 (file):
[0.703s]   file INSTALL cannot find
[0.703s]   "/home/pc/ros2_humble_moveit2/ros2_ws/src/my_robot_moveit_config/.setup_assistant":
[0.703s]   No such file or directory.
[0.703s] 
[0.703s] [0m
[0.706s] Invoked command in '/home/pc/ros2_humble_moveit2/ros2_ws/build/my_robot_moveit_config' returned '1': AMENT_PREFIX_PATH=/home/pc/ros2_humble_moveit2/ros2_ws/install/my_robot_description:${AMENT_PREFIX_PATH} CMAKE_PREFIX_PATH=/home/pc/ros2_humble_moveit2/ros2_ws/install/my_robot_description:/home/pc/ros2_ws/install/my_robot_bringup:/home/pc/ros2_ws/install/my_robot_moveit_config:/home/pc/ros2_ws/install/my_robot_commander_cpp:/home/pc/ros2_ws/install/my_robot_interfaces:/home/pc/ros2_ws/install/my_robot_gripper_moveit_config:/home/pc/ros2_ws/install/my_robot_description:/home/pc/myRobot/install/mybot:/home/pc/myRobot/install/mybot_description:/opt/ros/humble /usr/bin/cmake --install /home/pc/ros2_humble_moveit2/ros2_ws/build/my_robot_moveit_config
