[0.023s] Invoking command in '/home/pc/ros2_humble_moveit2/ros2_ws/build/my_robot_commander_cpp': CMAKE_PREFIX_PATH=/home/pc/ros2_humble_moveit2/ros2_ws/install/my_robot_interfaces:/home/pc/ros2_humble_moveit2/ros2_ws/install/my_robot_bringup:/home/pc/ros2_humble_moveit2/ros2_ws/install/my_robot_moveit_config:/home/pc/ros2_humble_moveit2/ros2_ws/install/my_robot_description:/home/pc/ros2_ws/install/my_robot_bringup:/home/pc/ros2_ws/install/my_robot_moveit_config:/home/pc/ros2_ws/install/my_robot_commander_cpp:/home/pc/ros2_ws/install/my_robot_interfaces:/home/pc/ros2_ws/install/my_robot_gripper_moveit_config:/home/pc/ros2_ws/install/my_robot_description:/home/pc/myRobot/install/mybot:/home/pc/myRobot/install/mybot_description:/opt/ros/humble /usr/bin/cmake /home/pc/ros2_humble_moveit2/ros2_ws/src/my_robot_commander_cpp -DCMAKE_INSTALL_PREFIX=/home/pc/ros2_humble_moveit2/ros2_ws/install/my_robot_commander_cpp
[0.094s] -- The C compiler identification is GNU 11.4.0
[0.155s] -- The CXX compiler identification is GNU 11.4.0
[0.161s] -- Detecting C compiler ABI info
[0.227s] -- Detecting C compiler ABI info - done
[0.240s] -- Check for working C compiler: /usr/bin/cc - skipped
[0.240s] -- Detecting C compile features
[0.241s] -- Detecting C compile features - done
[0.244s] -- Detecting CXX compiler ABI info
[0.324s] -- Detecting CXX compiler ABI info - done
[0.332s] -- Check for working CXX compiler: /usr/bin/c++ - skipped
[0.332s] -- Detecting CXX compile features
[0.333s] -- Detecting CXX compile features - done
[0.338s] -- Found ament_cmake: 1.3.13 (/opt/ros/humble/share/ament_cmake/cmake)
[0.491s] -- Found Python3: /usr/bin/python3 (found version "3.10.12") found components: Interpreter 
[0.592s] -- Found rclcpp: 16.0.18 (/opt/ros/humble/share/rclcpp/cmake)
[0.655s] -- Found rosidl_generator_c: 3.1.8 (/opt/ros/humble/share/rosidl_generator_c/cmake)
[0.663s] -- Found rosidl_adapter: 3.1.8 (/opt/ros/humble/share/rosidl_adapter/cmake)
[0.673s] -- Found rosidl_generator_cpp: 3.1.8 (/opt/ros/humble/share/rosidl_generator_cpp/cmake)
[0.687s] -- Using all available rosidl_typesupport_c: rosidl_typesupport_fastrtps_c;rosidl_typesupport_introspection_c
[0.703s] -- Using all available rosidl_typesupport_cpp: rosidl_typesupport_fastrtps_cpp;rosidl_typesupport_introspection_cpp
[0.780s] -- Found rmw_implementation_cmake: 6.1.2 (/opt/ros/humble/share/rmw_implementation_cmake/cmake)
[0.786s] -- Found rmw_fastrtps_cpp: 6.2.10 (/opt/ros/humble/share/rmw_fastrtps_cpp/cmake)
[0.912s] -- Found OpenSSL: /usr/lib/x86_64-linux-gnu/libcrypto.so (found version "3.0.2")  
[0.944s] -- Found FastRTPS: /opt/ros/humble/include  
[0.984s] -- Using RMW implementation 'rmw_fastrtps_cpp' as default
[1.002s] -- Looking for pthread.h
[1.076s] -- Looking for pthread.h - found
[1.077s] -- Performing Test CMAKE_HAVE_LIBC_PTHREAD
[1.152s] -- Performing Test CMAKE_HAVE_LIBC_PTHREAD - Success
[1.153s] -- Found Threads: TRUE  
[1.241s] -- Found moveit_ros_planning_interface: 2.5.9 (/opt/ros/humble/share/moveit_ros_planning_interface/cmake)
[1.286s] -- Found Boost: /usr/lib/x86_64-linux-gnu/cmake/Boost-1.74.0/BoostConfig.cmake (found version "1.74.0") found components: date_time filesystem program_options system thread 
[1.559s] -- Found Boost: /usr/lib/x86_64-linux-gnu/cmake/Boost-1.74.0/BoostConfig.cmake (found version "1.74.0") found components: chrono date_time filesystem iostreams program_options regex serialization system thread 
[1.621s] -- Found parameter_traits: 0.6.0 (/opt/ros/humble/share/parameter_traits/cmake)
[1.641s] -- Found rclcpp_lifecycle: 16.0.18 (/opt/ros/humble/share/rclcpp_lifecycle/cmake)
[1.682s] -- Found Boost: /usr/lib/x86_64-linux-gnu/cmake/Boost-1.74.0/BoostConfig.cmake (found version "1.74.0") found components: filesystem 
[1.787s] -- library: /usr/lib/x86_64-linux-gnu/libcurl.so
[1.833s] -- Found Eigen3: TRUE (found version "3.4.0") 
[1.833s] -- Ensuring Eigen3 include directory is part of orocos-kdl CMake target
[2.061s] -- Found Boost: /usr/lib/x86_64-linux-gnu/cmake/Boost-1.74.0/BoostConfig.cmake (found version "1.74.0") found components: system filesystem date_time program_options thread chrono 
[2.111s] -- Found Boost: /usr/lib/x86_64-linux-gnu/cmake/Boost-1.74.0/BoostConfig.cmake (found version "1.74.0") found components: thread system filesystem regex date_time program_options 
[2.146s] -- Found Boost: /usr/lib/x86_64-linux-gnu/cmake/Boost-1.74.0/BoostConfig.cmake (found version "1.74.0") found components: system filesystem date_time program_options thread 
[2.199s] -- Found example_interfaces: 0.9.3 (/opt/ros/humble/share/example_interfaces/cmake)
[2.226s] -- Found my_robot_interfaces: 0.0.0 (/home/pc/ros2_humble_moveit2/ros2_ws/install/my_robot_interfaces/share/my_robot_interfaces/cmake)
[2.326s] -- Configuring done
[2.404s] -- Generating done
[2.416s] -- Build files have been written to: /home/pc/ros2_humble_moveit2/ros2_ws/build/my_robot_commander_cpp
[2.436s] Invoked command in '/home/pc/ros2_humble_moveit2/ros2_ws/build/my_robot_commander_cpp' returned '0': CMAKE_PREFIX_PATH=/home/pc/ros2_humble_moveit2/ros2_ws/install/my_robot_interfaces:/home/pc/ros2_humble_moveit2/ros2_ws/install/my_robot_bringup:/home/pc/ros2_humble_moveit2/ros2_ws/install/my_robot_moveit_config:/home/pc/ros2_humble_moveit2/ros2_ws/install/my_robot_description:/home/pc/ros2_ws/install/my_robot_bringup:/home/pc/ros2_ws/install/my_robot_moveit_config:/home/pc/ros2_ws/install/my_robot_commander_cpp:/home/pc/ros2_ws/install/my_robot_interfaces:/home/pc/ros2_ws/install/my_robot_gripper_moveit_config:/home/pc/ros2_ws/install/my_robot_description:/home/pc/myRobot/install/mybot:/home/pc/myRobot/install/mybot_description:/opt/ros/humble /usr/bin/cmake /home/pc/ros2_humble_moveit2/ros2_ws/src/my_robot_commander_cpp -DCMAKE_INSTALL_PREFIX=/home/pc/ros2_humble_moveit2/ros2_ws/install/my_robot_commander_cpp
[2.440s] Invoking command in '/home/pc/ros2_humble_moveit2/ros2_ws/build/my_robot_commander_cpp': CMAKE_PREFIX_PATH=/home/pc/ros2_humble_moveit2/ros2_ws/install/my_robot_interfaces:/home/pc/ros2_humble_moveit2/ros2_ws/install/my_robot_bringup:/home/pc/ros2_humble_moveit2/ros2_ws/install/my_robot_moveit_config:/home/pc/ros2_humble_moveit2/ros2_ws/install/my_robot_description:/home/pc/ros2_ws/install/my_robot_bringup:/home/pc/ros2_ws/install/my_robot_moveit_config:/home/pc/ros2_ws/install/my_robot_commander_cpp:/home/pc/ros2_ws/install/my_robot_interfaces:/home/pc/ros2_ws/install/my_robot_gripper_moveit_config:/home/pc/ros2_ws/install/my_robot_description:/home/pc/myRobot/install/mybot:/home/pc/myRobot/install/mybot_description:/opt/ros/humble /usr/bin/cmake --build /home/pc/ros2_humble_moveit2/ros2_ws/build/my_robot_commander_cpp -- -j2 -l2
[2.503s] [ 25%] [32mBuilding CXX object CMakeFiles/commander.dir/src/commander_template.cpp.o[0m
[2.503s] [ 50%] [32mBuilding CXX object CMakeFiles/test_moveit.dir/src/test_moveit.cpp.o[0m
[13.227s] [ 75%] [32m[1mLinking CXX executable test_moveit[0m
[14.111s] [ 75%] Built target test_moveit
[26.715s] [100%] [32m[1mLinking CXX executable commander[0m
[27.984s] [100%] Built target commander
[28.017s] Invoked command in '/home/pc/ros2_humble_moveit2/ros2_ws/build/my_robot_commander_cpp' returned '0': CMAKE_PREFIX_PATH=/home/pc/ros2_humble_moveit2/ros2_ws/install/my_robot_interfaces:/home/pc/ros2_humble_moveit2/ros2_ws/install/my_robot_bringup:/home/pc/ros2_humble_moveit2/ros2_ws/install/my_robot_moveit_config:/home/pc/ros2_humble_moveit2/ros2_ws/install/my_robot_description:/home/pc/ros2_ws/install/my_robot_bringup:/home/pc/ros2_ws/install/my_robot_moveit_config:/home/pc/ros2_ws/install/my_robot_commander_cpp:/home/pc/ros2_ws/install/my_robot_interfaces:/home/pc/ros2_ws/install/my_robot_gripper_moveit_config:/home/pc/ros2_ws/install/my_robot_description:/home/pc/myRobot/install/mybot:/home/pc/myRobot/install/mybot_description:/opt/ros/humble /usr/bin/cmake --build /home/pc/ros2_humble_moveit2/ros2_ws/build/my_robot_commander_cpp -- -j2 -l2
[28.028s] Invoking command in '/home/pc/ros2_humble_moveit2/ros2_ws/build/my_robot_commander_cpp': CMAKE_PREFIX_PATH=/home/pc/ros2_humble_moveit2/ros2_ws/install/my_robot_interfaces:/home/pc/ros2_humble_moveit2/ros2_ws/install/my_robot_bringup:/home/pc/ros2_humble_moveit2/ros2_ws/install/my_robot_moveit_config:/home/pc/ros2_humble_moveit2/ros2_ws/install/my_robot_description:/home/pc/ros2_ws/install/my_robot_bringup:/home/pc/ros2_ws/install/my_robot_moveit_config:/home/pc/ros2_ws/install/my_robot_commander_cpp:/home/pc/ros2_ws/install/my_robot_interfaces:/home/pc/ros2_ws/install/my_robot_gripper_moveit_config:/home/pc/ros2_ws/install/my_robot_description:/home/pc/myRobot/install/mybot:/home/pc/myRobot/install/mybot_description:/opt/ros/humble /usr/bin/cmake --install /home/pc/ros2_humble_moveit2/ros2_ws/build/my_robot_commander_cpp
[28.038s] -- Install configuration: ""
[28.039s] -- Installing: /home/pc/ros2_humble_moveit2/ros2_ws/install/my_robot_commander_cpp/lib/my_robot_commander_cpp/test_moveit
[28.040s] -- Set runtime path of "/home/pc/ros2_humble_moveit2/ros2_ws/install/my_robot_commander_cpp/lib/my_robot_commander_cpp/test_moveit" to ""
[28.040s] -- Installing: /home/pc/ros2_humble_moveit2/ros2_ws/install/my_robot_commander_cpp/lib/my_robot_commander_cpp/commander
[28.045s] -- Set runtime path of "/home/pc/ros2_humble_moveit2/ros2_ws/install/my_robot_commander_cpp/lib/my_robot_commander_cpp/commander" to ""
[28.045s] -- Installing: /home/pc/ros2_humble_moveit2/ros2_ws/install/my_robot_commander_cpp/share/ament_index/resource_index/package_run_dependencies/my_robot_commander_cpp
[28.045s] -- Installing: /home/pc/ros2_humble_moveit2/ros2_ws/install/my_robot_commander_cpp/share/ament_index/resource_index/parent_prefix_path/my_robot_commander_cpp
[28.045s] -- Installing: /home/pc/ros2_humble_moveit2/ros2_ws/install/my_robot_commander_cpp/share/my_robot_commander_cpp/environment/ament_prefix_path.sh
[28.046s] -- Installing: /home/pc/ros2_humble_moveit2/ros2_ws/install/my_robot_commander_cpp/share/my_robot_commander_cpp/environment/ament_prefix_path.dsv
[28.046s] -- Installing: /home/pc/ros2_humble_moveit2/ros2_ws/install/my_robot_commander_cpp/share/my_robot_commander_cpp/environment/path.sh
[28.047s] -- Installing: /home/pc/ros2_humble_moveit2/ros2_ws/install/my_robot_commander_cpp/share/my_robot_commander_cpp/environment/path.dsv
[28.047s] -- Installing: /home/pc/ros2_humble_moveit2/ros2_ws/install/my_robot_commander_cpp/share/my_robot_commander_cpp/local_setup.bash
[28.047s] -- Installing: /home/pc/ros2_humble_moveit2/ros2_ws/install/my_robot_commander_cpp/share/my_robot_commander_cpp/local_setup.sh
[28.047s] -- Installing: /home/pc/ros2_humble_moveit2/ros2_ws/install/my_robot_commander_cpp/share/my_robot_commander_cpp/local_setup.zsh
[28.047s] -- Installing: /home/pc/ros2_humble_moveit2/ros2_ws/install/my_robot_commander_cpp/share/my_robot_commander_cpp/local_setup.dsv
[28.047s] -- Installing: /home/pc/ros2_humble_moveit2/ros2_ws/install/my_robot_commander_cpp/share/my_robot_commander_cpp/package.dsv
[28.048s] -- Installing: /home/pc/ros2_humble_moveit2/ros2_ws/install/my_robot_commander_cpp/share/ament_index/resource_index/packages/my_robot_commander_cpp
[28.048s] -- Installing: /home/pc/ros2_humble_moveit2/ros2_ws/install/my_robot_commander_cpp/share/my_robot_commander_cpp/cmake/my_robot_commander_cppConfig.cmake
[28.048s] -- Installing: /home/pc/ros2_humble_moveit2/ros2_ws/install/my_robot_commander_cpp/share/my_robot_commander_cpp/cmake/my_robot_commander_cppConfig-version.cmake
[28.048s] -- Installing: /home/pc/ros2_humble_moveit2/ros2_ws/install/my_robot_commander_cpp/share/my_robot_commander_cpp/package.xml
[28.051s] Invoked command in '/home/pc/ros2_humble_moveit2/ros2_ws/build/my_robot_commander_cpp' returned '0': CMAKE_PREFIX_PATH=/home/pc/ros2_humble_moveit2/ros2_ws/install/my_robot_interfaces:/home/pc/ros2_humble_moveit2/ros2_ws/install/my_robot_bringup:/home/pc/ros2_humble_moveit2/ros2_ws/install/my_robot_moveit_config:/home/pc/ros2_humble_moveit2/ros2_ws/install/my_robot_description:/home/pc/ros2_ws/install/my_robot_bringup:/home/pc/ros2_ws/install/my_robot_moveit_config:/home/pc/ros2_ws/install/my_robot_commander_cpp:/home/pc/ros2_ws/install/my_robot_interfaces:/home/pc/ros2_ws/install/my_robot_gripper_moveit_config:/home/pc/ros2_ws/install/my_robot_description:/home/pc/myRobot/install/mybot:/home/pc/myRobot/install/mybot_description:/opt/ros/humble /usr/bin/cmake --install /home/pc/ros2_humble_moveit2/ros2_ws/build/my_robot_commander_cpp
