[0.012s] Invoking command in '/home/pc/ros2_humble_moveit2/ros2_ws/build/my_robot_description': CMAKE_PREFIX_PATH=${CMAKE_PREFIX_PATH}:/home/pc/myRobot/install/mybot_description:/opt/ros/humble /usr/bin/cmake /home/pc/ros2_humble_moveit2/ros2_ws/src/my_robot_description -DCMAKE_INSTALL_PREFIX=/home/pc/ros2_humble_moveit2/ros2_ws/install/my_robot_description
[0.068s] -- The C compiler identification is GNU 11.4.0
[0.120s] -- The CXX compiler identification is GNU 11.4.0
[0.126s] -- Detecting C compiler ABI info
[0.205s] -- Detecting C compiler ABI info - done
[0.211s] -- Check for working C compiler: /usr/bin/cc - skipped
[0.212s] -- Detecting C compile features
[0.212s] -- Detecting C compile features - done
[0.215s] -- Detecting CXX compiler ABI info
[0.291s] -- Detecting CXX compiler ABI info - done
[0.299s] -- Check for working CXX compiler: /usr/bin/c++ - skipped
[0.299s] -- Detecting CXX compile features
[0.299s] -- Detecting CXX compile features - done
[0.302s] -- Found ament_cmake: 1.3.13 (/opt/ros/humble/share/ament_cmake/cmake)
[0.455s] -- Found Python3: /usr/bin/python3 (found version "3.10.12") found components: Interpreter 
[0.547s] -- Found ament_lint_auto: 0.12.15 (/opt/ros/humble/share/ament_lint_auto/cmake)
[0.636s] -- Added test 'lint_cmake' to check CMake code style
[0.638s] -- Added test 'xmllint' to check XML markup files
[0.640s] -- Configuring done
[0.642s] -- Generating done
[0.645s] -- Build files have been written to: /home/pc/ros2_humble_moveit2/ros2_ws/build/my_robot_description
[0.650s] Invoked command in '/home/pc/ros2_humble_moveit2/ros2_ws/build/my_robot_description' returned '0': CMAKE_PREFIX_PATH=${CMAKE_PREFIX_PATH}:/home/pc/myRobot/install/mybot_description:/opt/ros/humble /usr/bin/cmake /home/pc/ros2_humble_moveit2/ros2_ws/src/my_robot_description -DCMAKE_INSTALL_PREFIX=/home/pc/ros2_humble_moveit2/ros2_ws/install/my_robot_description
[0.651s] Invoking command in '/home/pc/ros2_humble_moveit2/ros2_ws/build/my_robot_description': CMAKE_PREFIX_PATH=${CMAKE_PREFIX_PATH}:/home/pc/myRobot/install/mybot_description:/opt/ros/humble /usr/bin/cmake --build /home/pc/ros2_humble_moveit2/ros2_ws/build/my_robot_description -- -j2 -l2
[0.695s] Invoked command in '/home/pc/ros2_humble_moveit2/ros2_ws/build/my_robot_description' returned '0': CMAKE_PREFIX_PATH=${CMAKE_PREFIX_PATH}:/home/pc/myRobot/install/mybot_description:/opt/ros/humble /usr/bin/cmake --build /home/pc/ros2_humble_moveit2/ros2_ws/build/my_robot_description -- -j2 -l2
[0.702s] Invoking command in '/home/pc/ros2_humble_moveit2/ros2_ws/build/my_robot_description': CMAKE_PREFIX_PATH=${CMAKE_PREFIX_PATH}:/home/pc/myRobot/install/mybot_description:/opt/ros/humble /usr/bin/cmake --install /home/pc/ros2_humble_moveit2/ros2_ws/build/my_robot_description
[0.708s] -- Install configuration: ""
[0.708s] -- Installing: /home/pc/ros2_humble_moveit2/ros2_ws/install/my_robot_description/share/ament_index/resource_index/package_run_dependencies/my_robot_description
[0.709s] -- Installing: /home/pc/ros2_humble_moveit2/ros2_ws/install/my_robot_description/share/ament_index/resource_index/parent_prefix_path/my_robot_description
[0.709s] -- Installing: /home/pc/ros2_humble_moveit2/ros2_ws/install/my_robot_description/share/my_robot_description/environment/ament_prefix_path.sh
[0.709s] -- Installing: /home/pc/ros2_humble_moveit2/ros2_ws/install/my_robot_description/share/my_robot_description/environment/ament_prefix_path.dsv
[0.709s] -- Installing: /home/pc/ros2_humble_moveit2/ros2_ws/install/my_robot_description/share/my_robot_description/environment/path.sh
[0.709s] -- Installing: /home/pc/ros2_humble_moveit2/ros2_ws/install/my_robot_description/share/my_robot_description/environment/path.dsv
[0.710s] -- Installing: /home/pc/ros2_humble_moveit2/ros2_ws/install/my_robot_description/share/my_robot_description/local_setup.bash
[0.710s] -- Installing: /home/pc/ros2_humble_moveit2/ros2_ws/install/my_robot_description/share/my_robot_description/local_setup.sh
[0.710s] -- Installing: /home/pc/ros2_humble_moveit2/ros2_ws/install/my_robot_description/share/my_robot_description/local_setup.zsh
[0.710s] -- Installing: /home/pc/ros2_humble_moveit2/ros2_ws/install/my_robot_description/share/my_robot_description/local_setup.dsv
[0.711s] -- Installing: /home/pc/ros2_humble_moveit2/ros2_ws/install/my_robot_description/share/my_robot_description/package.dsv
[0.711s] -- Installing: /home/pc/ros2_humble_moveit2/ros2_ws/install/my_robot_description/share/ament_index/resource_index/packages/my_robot_description
[0.711s] -- Installing: /home/pc/ros2_humble_moveit2/ros2_ws/install/my_robot_description/share/my_robot_description/cmake/my_robot_descriptionConfig.cmake
[0.711s] -- Installing: /home/pc/ros2_humble_moveit2/ros2_ws/install/my_robot_description/share/my_robot_description/cmake/my_robot_descriptionConfig-version.cmake
[0.712s] -- Installing: /home/pc/ros2_humble_moveit2/ros2_ws/install/my_robot_description/share/my_robot_description/package.xml
[0.715s] Invoked command in '/home/pc/ros2_humble_moveit2/ros2_ws/build/my_robot_description' returned '0': CMAKE_PREFIX_PATH=${CMAKE_PREFIX_PATH}:/home/pc/myRobot/install/mybot_description:/opt/ros/humble /usr/bin/cmake --install /home/pc/ros2_humble_moveit2/ros2_ws/build/my_robot_description
