[0.098s] DEBUG:colcon:Command line arguments: ['/usr/bin/colcon', 'build', '--packages-select', 'my_robot_bringup']
[0.098s] DEBUG:colcon:Parsed command line arguments: Namespace(log_base=None, log_level=None, verb_name='build', build_base='build', install_base='install', merge_install=False, symlink_install=False, test_result_base=None, continue_on_error=False, executor='parallel', parallel_workers=2, event_handlers=None, ignore_user_meta=False, metas=['./colcon.meta'], base_paths=['.'], packages_ignore=None, packages_ignore_regex=None, paths=None, packages_up_to=None, packages_up_to_regex=None, packages_above=None, packages_above_and_dependencies=None, packages_above_depth=None, packages_select_by_dep=None, packages_skip_by_dep=None, packages_skip_up_to=None, packages_select_build_failed=False, packages_skip_build_finished=False, packages_select_test_failures=False, packages_skip_test_passed=False, packages_select=['my_robot_bringup'], packages_skip=None, packages_select_regex=None, packages_skip_regex=None, packages_start=None, packages_end=None, allow_overriding=[], cmake_args=None, cmake_target=None, cmake_target_skip_unavailable=False, cmake_clean_cache=False, cmake_clean_first=False, cmake_force_configure=False, ament_cmake_args=None, catkin_cmake_args=None, catkin_skip_building_tests=False, verb_parser=<colcon_defaults.argument_parser.defaults.DefaultArgumentsDecorator object at 0x788ffa503dc0>, verb_extension=<colcon_core.verb.build.BuildVerb object at 0x788ffa6d13c0>, main=<bound method BuildVerb.main of <colcon_core.verb.build.BuildVerb object at 0x788ffa6d13c0>>)
[0.252s] Level 1:colcon.colcon_core.package_discovery:discover_packages(colcon_meta) check parameters
[0.252s] Level 1:colcon.colcon_core.package_discovery:discover_packages(recursive) check parameters
[0.252s] Level 1:colcon.colcon_core.package_discovery:discover_packages(ignore) check parameters
[0.252s] Level 1:colcon.colcon_core.package_discovery:discover_packages(path) check parameters
[0.252s] Level 1:colcon.colcon_core.package_discovery:discover_packages(colcon_meta) discover
[0.252s] Level 1:colcon.colcon_core.package_discovery:discover_packages(recursive) discover
[0.252s] INFO:colcon.colcon_core.package_discovery:Crawling recursively for packages in '/home/pc/ros2_humble_moveit2/ros2_ws'
[0.252s] Level 1:colcon.colcon_core.package_identification:_identify(.) by extensions ['ignore', 'ignore_ament_install']
[0.252s] Level 1:colcon.colcon_core.package_identification:_identify(.) by extension 'ignore'
[0.252s] Level 1:colcon.colcon_core.package_identification:_identify(.) by extension 'ignore_ament_install'
[0.252s] Level 1:colcon.colcon_core.package_identification:_identify(.) by extensions ['colcon_pkg']
[0.252s] Level 1:colcon.colcon_core.package_identification:_identify(.) by extension 'colcon_pkg'
[0.252s] Level 1:colcon.colcon_core.package_identification:_identify(.) by extensions ['colcon_meta']
[0.252s] Level 1:colcon.colcon_core.package_identification:_identify(.) by extension 'colcon_meta'
[0.252s] Level 1:colcon.colcon_core.package_identification:_identify(.) by extensions ['ros']
[0.252s] Level 1:colcon.colcon_core.package_identification:_identify(.) by extension 'ros'
[0.264s] Level 1:colcon.colcon_core.package_identification:_identify(.) by extensions ['cmake', 'python']
[0.264s] Level 1:colcon.colcon_core.package_identification:_identify(.) by extension 'cmake'
[0.264s] Level 1:colcon.colcon_core.package_identification:_identify(.) by extension 'python'
[0.264s] Level 1:colcon.colcon_core.package_identification:_identify(.) by extensions ['python_setup_py']
[0.264s] Level 1:colcon.colcon_core.package_identification:_identify(.) by extension 'python_setup_py'
[0.264s] Level 1:colcon.colcon_core.package_identification:_identify(build) by extensions ['ignore', 'ignore_ament_install']
[0.264s] Level 1:colcon.colcon_core.package_identification:_identify(build) by extension 'ignore'
[0.264s] Level 1:colcon.colcon_core.package_identification:_identify(build) ignored
[0.264s] Level 1:colcon.colcon_core.package_identification:_identify(install) by extensions ['ignore', 'ignore_ament_install']
[0.264s] Level 1:colcon.colcon_core.package_identification:_identify(install) by extension 'ignore'
[0.264s] Level 1:colcon.colcon_core.package_identification:_identify(install) ignored
[0.264s] Level 1:colcon.colcon_core.package_identification:_identify(log) by extensions ['ignore', 'ignore_ament_install']
[0.264s] Level 1:colcon.colcon_core.package_identification:_identify(log) by extension 'ignore'
[0.265s] Level 1:colcon.colcon_core.package_identification:_identify(log) ignored
[0.265s] Level 1:colcon.colcon_core.package_identification:_identify(src) by extensions ['ignore', 'ignore_ament_install']
[0.265s] Level 1:colcon.colcon_core.package_identification:_identify(src) by extension 'ignore'
[0.265s] Level 1:colcon.colcon_core.package_identification:_identify(src) by extension 'ignore_ament_install'
[0.265s] Level 1:colcon.colcon_core.package_identification:_identify(src) by extensions ['colcon_pkg']
[0.265s] Level 1:colcon.colcon_core.package_identification:_identify(src) by extension 'colcon_pkg'
[0.265s] Level 1:colcon.colcon_core.package_identification:_identify(src) by extensions ['colcon_meta']
[0.265s] Level 1:colcon.colcon_core.package_identification:_identify(src) by extension 'colcon_meta'
[0.265s] Level 1:colcon.colcon_core.package_identification:_identify(src) by extensions ['ros']
[0.265s] Level 1:colcon.colcon_core.package_identification:_identify(src) by extension 'ros'
[0.265s] Level 1:colcon.colcon_core.package_identification:_identify(src) by extensions ['cmake', 'python']
[0.265s] Level 1:colcon.colcon_core.package_identification:_identify(src) by extension 'cmake'
[0.265s] Level 1:colcon.colcon_core.package_identification:_identify(src) by extension 'python'
[0.265s] Level 1:colcon.colcon_core.package_identification:_identify(src) by extensions ['python_setup_py']
[0.265s] Level 1:colcon.colcon_core.package_identification:_identify(src) by extension 'python_setup_py'
[0.265s] Level 1:colcon.colcon_core.package_identification:_identify(src/my_robot_bringup) by extensions ['ignore', 'ignore_ament_install']
[0.265s] Level 1:colcon.colcon_core.package_identification:_identify(src/my_robot_bringup) by extension 'ignore'
[0.265s] Level 1:colcon.colcon_core.package_identification:_identify(src/my_robot_bringup) by extension 'ignore_ament_install'
[0.265s] Level 1:colcon.colcon_core.package_identification:_identify(src/my_robot_bringup) by extensions ['colcon_pkg']
[0.265s] Level 1:colcon.colcon_core.package_identification:_identify(src/my_robot_bringup) by extension 'colcon_pkg'
[0.265s] Level 1:colcon.colcon_core.package_identification:_identify(src/my_robot_bringup) by extensions ['colcon_meta']
[0.265s] Level 1:colcon.colcon_core.package_identification:_identify(src/my_robot_bringup) by extension 'colcon_meta'
[0.266s] Level 1:colcon.colcon_core.package_identification:_identify(src/my_robot_bringup) by extensions ['ros']
[0.266s] Level 1:colcon.colcon_core.package_identification:_identify(src/my_robot_bringup) by extension 'ros'
[0.268s] DEBUG:colcon.colcon_core.package_identification:Package 'src/my_robot_bringup' with type 'ros.ament_cmake' and name 'my_robot_bringup'
[0.268s] Level 1:colcon.colcon_core.package_identification:_identify(src/my_robot_description) by extensions ['ignore', 'ignore_ament_install']
[0.268s] Level 1:colcon.colcon_core.package_identification:_identify(src/my_robot_description) by extension 'ignore'
[0.268s] Level 1:colcon.colcon_core.package_identification:_identify(src/my_robot_description) by extension 'ignore_ament_install'
[0.268s] Level 1:colcon.colcon_core.package_identification:_identify(src/my_robot_description) by extensions ['colcon_pkg']
[0.268s] Level 1:colcon.colcon_core.package_identification:_identify(src/my_robot_description) by extension 'colcon_pkg'
[0.268s] Level 1:colcon.colcon_core.package_identification:_identify(src/my_robot_description) by extensions ['colcon_meta']
[0.268s] Level 1:colcon.colcon_core.package_identification:_identify(src/my_robot_description) by extension 'colcon_meta'
[0.268s] Level 1:colcon.colcon_core.package_identification:_identify(src/my_robot_description) by extensions ['ros']
[0.268s] Level 1:colcon.colcon_core.package_identification:_identify(src/my_robot_description) by extension 'ros'
[0.269s] DEBUG:colcon.colcon_core.package_identification:Package 'src/my_robot_description' with type 'ros.ament_cmake' and name 'my_robot_description'
[0.269s] Level 1:colcon.colcon_core.package_identification:_identify(src/my_robot_moveit_config) by extensions ['ignore', 'ignore_ament_install']
[0.269s] Level 1:colcon.colcon_core.package_identification:_identify(src/my_robot_moveit_config) by extension 'ignore'
[0.269s] Level 1:colcon.colcon_core.package_identification:_identify(src/my_robot_moveit_config) by extension 'ignore_ament_install'
[0.269s] Level 1:colcon.colcon_core.package_identification:_identify(src/my_robot_moveit_config) by extensions ['colcon_pkg']
[0.269s] Level 1:colcon.colcon_core.package_identification:_identify(src/my_robot_moveit_config) by extension 'colcon_pkg'
[0.269s] Level 1:colcon.colcon_core.package_identification:_identify(src/my_robot_moveit_config) by extensions ['colcon_meta']
[0.269s] Level 1:colcon.colcon_core.package_identification:_identify(src/my_robot_moveit_config) by extension 'colcon_meta'
[0.269s] Level 1:colcon.colcon_core.package_identification:_identify(src/my_robot_moveit_config) by extensions ['ros']
[0.269s] Level 1:colcon.colcon_core.package_identification:_identify(src/my_robot_moveit_config) by extension 'ros'
[0.270s] DEBUG:colcon.colcon_core.package_identification:Package 'src/my_robot_moveit_config' with type 'ros.ament_cmake' and name 'my_robot_moveit_config'
[0.270s] Level 1:colcon.colcon_core.package_discovery:discover_packages(recursive) using defaults
[0.270s] Level 1:colcon.colcon_core.package_discovery:discover_packages(ignore) discover
[0.271s] Level 1:colcon.colcon_core.package_discovery:discover_packages(ignore) using defaults
[0.271s] Level 1:colcon.colcon_core.package_discovery:discover_packages(path) discover
[0.271s] Level 1:colcon.colcon_core.package_discovery:discover_packages(path) using defaults
[0.290s] INFO:colcon.colcon_core.package_selection:Skipping not selected package 'my_robot_description' in 'src/my_robot_description'
[0.290s] INFO:colcon.colcon_core.package_selection:Skipping not selected package 'my_robot_moveit_config' in 'src/my_robot_moveit_config'
[0.290s] Level 1:colcon.colcon_core.package_discovery:discover_packages(prefix_path) check parameters
[0.290s] Level 1:colcon.colcon_core.package_discovery:discover_packages(prefix_path) discover
[0.292s] DEBUG:colcon.colcon_installed_package_information.package_discovery:Found 3 installed packages in /home/pc/ros2_humble_moveit2/ros2_ws/install
[0.292s] DEBUG:colcon.colcon_installed_package_information.package_discovery:Found 6 installed packages in /home/pc/ros2_ws/install
[0.293s] DEBUG:colcon.colcon_installed_package_information.package_discovery:Found 2 installed packages in /home/pc/myRobot/install
[0.294s] DEBUG:colcon.colcon_installed_package_information.package_discovery:Found 387 installed packages in /opt/ros/humble
[0.305s] Level 1:colcon.colcon_core.package_discovery:discover_packages(prefix_path) using defaults
[0.350s] Level 5:colcon.colcon_core.verb:set package 'my_robot_bringup' build argument 'cmake_args' from command line to 'None'
[0.350s] Level 5:colcon.colcon_core.verb:set package 'my_robot_bringup' build argument 'cmake_target' from command line to 'None'
[0.350s] Level 5:colcon.colcon_core.verb:set package 'my_robot_bringup' build argument 'cmake_target_skip_unavailable' from command line to 'False'
[0.350s] Level 5:colcon.colcon_core.verb:set package 'my_robot_bringup' build argument 'cmake_clean_cache' from command line to 'False'
[0.350s] Level 5:colcon.colcon_core.verb:set package 'my_robot_bringup' build argument 'cmake_clean_first' from command line to 'False'
[0.350s] Level 5:colcon.colcon_core.verb:set package 'my_robot_bringup' build argument 'cmake_force_configure' from command line to 'False'
[0.350s] Level 5:colcon.colcon_core.verb:set package 'my_robot_bringup' build argument 'ament_cmake_args' from command line to 'None'
[0.351s] Level 5:colcon.colcon_core.verb:set package 'my_robot_bringup' build argument 'catkin_cmake_args' from command line to 'None'
[0.351s] Level 5:colcon.colcon_core.verb:set package 'my_robot_bringup' build argument 'catkin_skip_building_tests' from command line to 'False'
[0.351s] DEBUG:colcon.colcon_core.verb:Building package 'my_robot_bringup' with the following arguments: {'ament_cmake_args': None, 'build_base': '/home/pc/ros2_humble_moveit2/ros2_ws/build/my_robot_bringup', 'catkin_cmake_args': None, 'catkin_skip_building_tests': False, 'cmake_args': None, 'cmake_clean_cache': False, 'cmake_clean_first': False, 'cmake_force_configure': False, 'cmake_target': None, 'cmake_target_skip_unavailable': False, 'install_base': '/home/pc/ros2_humble_moveit2/ros2_ws/install/my_robot_bringup', 'merge_install': False, 'path': '/home/pc/ros2_humble_moveit2/ros2_ws/src/my_robot_bringup', 'symlink_install': False, 'test_result_base': None}
[0.351s] INFO:colcon.colcon_core.executor:Executing jobs using 'parallel' executor
[0.352s] DEBUG:colcon.colcon_parallel_executor.executor.parallel:run_until_complete
[0.352s] INFO:colcon.colcon_ros.task.ament_cmake.build:Building ROS package in '/home/pc/ros2_humble_moveit2/ros2_ws/src/my_robot_bringup' with build type 'ament_cmake'
[0.352s] INFO:colcon.colcon_cmake.task.cmake.build:Building CMake package in '/home/pc/ros2_humble_moveit2/ros2_ws/src/my_robot_bringup'
[0.354s] INFO:colcon.colcon_core.plugin_system:Skipping extension 'colcon_core.shell.bat': Not used on non-Windows systems
[0.354s] INFO:colcon.colcon_core.shell:Skip shell extension 'powershell' for command environment: Not usable outside of PowerShell
[0.354s] DEBUG:colcon.colcon_core.shell:Skip shell extension 'dsv' for command environment
[0.369s] DEBUG:colcon.colcon_core.event_handler.log_command:Invoking command in '/home/pc/ros2_humble_moveit2/ros2_ws/build/my_robot_bringup': AMENT_PREFIX_PATH=/home/pc/ros2_humble_moveit2/ros2_ws/install/my_robot_moveit_config:/home/pc/ros2_humble_moveit2/ros2_ws/install/my_robot_description:${AMENT_PREFIX_PATH} CMAKE_PREFIX_PATH=/home/pc/ros2_humble_moveit2/ros2_ws/install/my_robot_moveit_config:/home/pc/ros2_humble_moveit2/ros2_ws/install/my_robot_description:/home/pc/ros2_ws/install/my_robot_bringup:/home/pc/ros2_ws/install/my_robot_moveit_config:/home/pc/ros2_ws/install/my_robot_commander_cpp:/home/pc/ros2_ws/install/my_robot_interfaces:/home/pc/ros2_ws/install/my_robot_gripper_moveit_config:/home/pc/ros2_ws/install/my_robot_description:/home/pc/myRobot/install/mybot:/home/pc/myRobot/install/mybot_description:/opt/ros/humble /usr/bin/cmake --build /home/pc/ros2_humble_moveit2/ros2_ws/build/my_robot_bringup -- -j2 -l2
[0.411s] DEBUG:colcon.colcon_core.event_handler.log_command:Invoked command in '/home/pc/ros2_humble_moveit2/ros2_ws/build/my_robot_bringup' returned '0': AMENT_PREFIX_PATH=/home/pc/ros2_humble_moveit2/ros2_ws/install/my_robot_moveit_config:/home/pc/ros2_humble_moveit2/ros2_ws/install/my_robot_description:${AMENT_PREFIX_PATH} CMAKE_PREFIX_PATH=/home/pc/ros2_humble_moveit2/ros2_ws/install/my_robot_moveit_config:/home/pc/ros2_humble_moveit2/ros2_ws/install/my_robot_description:/home/pc/ros2_ws/install/my_robot_bringup:/home/pc/ros2_ws/install/my_robot_moveit_config:/home/pc/ros2_ws/install/my_robot_commander_cpp:/home/pc/ros2_ws/install/my_robot_interfaces:/home/pc/ros2_ws/install/my_robot_gripper_moveit_config:/home/pc/ros2_ws/install/my_robot_description:/home/pc/myRobot/install/mybot:/home/pc/myRobot/install/mybot_description:/opt/ros/humble /usr/bin/cmake --build /home/pc/ros2_humble_moveit2/ros2_ws/build/my_robot_bringup -- -j2 -l2
[0.422s] DEBUG:colcon.colcon_core.event_handler.log_command:Invoking command in '/home/pc/ros2_humble_moveit2/ros2_ws/build/my_robot_bringup': AMENT_PREFIX_PATH=/home/pc/ros2_humble_moveit2/ros2_ws/install/my_robot_moveit_config:/home/pc/ros2_humble_moveit2/ros2_ws/install/my_robot_description:${AMENT_PREFIX_PATH} CMAKE_PREFIX_PATH=/home/pc/ros2_humble_moveit2/ros2_ws/install/my_robot_moveit_config:/home/pc/ros2_humble_moveit2/ros2_ws/install/my_robot_description:/home/pc/ros2_ws/install/my_robot_bringup:/home/pc/ros2_ws/install/my_robot_moveit_config:/home/pc/ros2_ws/install/my_robot_commander_cpp:/home/pc/ros2_ws/install/my_robot_interfaces:/home/pc/ros2_ws/install/my_robot_gripper_moveit_config:/home/pc/ros2_ws/install/my_robot_description:/home/pc/myRobot/install/mybot:/home/pc/myRobot/install/mybot_description:/opt/ros/humble /usr/bin/cmake --install /home/pc/ros2_humble_moveit2/ros2_ws/build/my_robot_bringup
[0.431s] Level 1:colcon.colcon_core.environment:create_environment_scripts_only(my_robot_bringup)
[0.433s] DEBUG:colcon.colcon_core.event_handler.log_command:Invoked command in '/home/pc/ros2_humble_moveit2/ros2_ws/build/my_robot_bringup' returned '0': AMENT_PREFIX_PATH=/home/pc/ros2_humble_moveit2/ros2_ws/install/my_robot_moveit_config:/home/pc/ros2_humble_moveit2/ros2_ws/install/my_robot_description:${AMENT_PREFIX_PATH} CMAKE_PREFIX_PATH=/home/pc/ros2_humble_moveit2/ros2_ws/install/my_robot_moveit_config:/home/pc/ros2_humble_moveit2/ros2_ws/install/my_robot_description:/home/pc/ros2_ws/install/my_robot_bringup:/home/pc/ros2_ws/install/my_robot_moveit_config:/home/pc/ros2_ws/install/my_robot_commander_cpp:/home/pc/ros2_ws/install/my_robot_interfaces:/home/pc/ros2_ws/install/my_robot_gripper_moveit_config:/home/pc/ros2_ws/install/my_robot_description:/home/pc/myRobot/install/mybot:/home/pc/myRobot/install/mybot_description:/opt/ros/humble /usr/bin/cmake --install /home/pc/ros2_humble_moveit2/ros2_ws/build/my_robot_bringup
[0.434s] Level 1:colcon.colcon_core.environment:checking '/home/pc/ros2_humble_moveit2/ros2_ws/install/my_robot_bringup' for CMake module files
[0.434s] Level 1:colcon.colcon_core.environment:checking '/home/pc/ros2_humble_moveit2/ros2_ws/install/my_robot_bringup' for CMake config files
[0.434s] Level 1:colcon.colcon_core.shell:create_environment_hook('my_robot_bringup', 'cmake_prefix_path')
[0.435s] INFO:colcon.colcon_core.shell:Creating environment hook '/home/pc/ros2_humble_moveit2/ros2_ws/install/my_robot_bringup/share/my_robot_bringup/hook/cmake_prefix_path.ps1'
[0.435s] INFO:colcon.colcon_core.shell:Creating environment descriptor '/home/pc/ros2_humble_moveit2/ros2_ws/install/my_robot_bringup/share/my_robot_bringup/hook/cmake_prefix_path.dsv'
[0.436s] INFO:colcon.colcon_core.shell:Creating environment hook '/home/pc/ros2_humble_moveit2/ros2_ws/install/my_robot_bringup/share/my_robot_bringup/hook/cmake_prefix_path.sh'
[0.437s] Level 1:colcon.colcon_core.environment:checking '/home/pc/ros2_humble_moveit2/ros2_ws/install/my_robot_bringup/bin'
[0.437s] Level 1:colcon.colcon_core.environment:checking '/home/pc/ros2_humble_moveit2/ros2_ws/install/my_robot_bringup/lib/pkgconfig/my_robot_bringup.pc'
[0.437s] Level 1:colcon.colcon_core.environment:checking '/home/pc/ros2_humble_moveit2/ros2_ws/install/my_robot_bringup/lib/python3.10/site-packages'
[0.437s] Level 1:colcon.colcon_core.environment:checking '/home/pc/ros2_humble_moveit2/ros2_ws/install/my_robot_bringup/bin'
[0.437s] INFO:colcon.colcon_core.shell:Creating package script '/home/pc/ros2_humble_moveit2/ros2_ws/install/my_robot_bringup/share/my_robot_bringup/package.ps1'
[0.438s] INFO:colcon.colcon_core.shell:Creating package descriptor '/home/pc/ros2_humble_moveit2/ros2_ws/install/my_robot_bringup/share/my_robot_bringup/package.dsv'
[0.439s] INFO:colcon.colcon_core.shell:Creating package script '/home/pc/ros2_humble_moveit2/ros2_ws/install/my_robot_bringup/share/my_robot_bringup/package.sh'
[0.439s] INFO:colcon.colcon_core.shell:Creating package script '/home/pc/ros2_humble_moveit2/ros2_ws/install/my_robot_bringup/share/my_robot_bringup/package.bash'
[0.440s] INFO:colcon.colcon_core.shell:Creating package script '/home/pc/ros2_humble_moveit2/ros2_ws/install/my_robot_bringup/share/my_robot_bringup/package.zsh'
[0.441s] Level 1:colcon.colcon_core.environment:create_file_with_runtime_dependencies(/home/pc/ros2_humble_moveit2/ros2_ws/install/my_robot_bringup/share/colcon-core/packages/my_robot_bringup)
[0.441s] Level 1:colcon.colcon_core.environment:create_environment_scripts_only(my_robot_bringup)
[0.442s] Level 1:colcon.colcon_core.environment:checking '/home/pc/ros2_humble_moveit2/ros2_ws/install/my_robot_bringup' for CMake module files
[0.442s] Level 1:colcon.colcon_core.environment:checking '/home/pc/ros2_humble_moveit2/ros2_ws/install/my_robot_bringup' for CMake config files
[0.442s] Level 1:colcon.colcon_core.shell:create_environment_hook('my_robot_bringup', 'cmake_prefix_path')
[0.442s] INFO:colcon.colcon_core.shell:Creating environment hook '/home/pc/ros2_humble_moveit2/ros2_ws/install/my_robot_bringup/share/my_robot_bringup/hook/cmake_prefix_path.ps1'
[0.443s] INFO:colcon.colcon_core.shell:Creating environment descriptor '/home/pc/ros2_humble_moveit2/ros2_ws/install/my_robot_bringup/share/my_robot_bringup/hook/cmake_prefix_path.dsv'
[0.443s] INFO:colcon.colcon_core.shell:Creating environment hook '/home/pc/ros2_humble_moveit2/ros2_ws/install/my_robot_bringup/share/my_robot_bringup/hook/cmake_prefix_path.sh'
[0.444s] Level 1:colcon.colcon_core.environment:checking '/home/pc/ros2_humble_moveit2/ros2_ws/install/my_robot_bringup/bin'
[0.444s] Level 1:colcon.colcon_core.environment:checking '/home/pc/ros2_humble_moveit2/ros2_ws/install/my_robot_bringup/lib/pkgconfig/my_robot_bringup.pc'
[0.444s] Level 1:colcon.colcon_core.environment:checking '/home/pc/ros2_humble_moveit2/ros2_ws/install/my_robot_bringup/lib/python3.10/site-packages'
[0.445s] Level 1:colcon.colcon_core.environment:checking '/home/pc/ros2_humble_moveit2/ros2_ws/install/my_robot_bringup/bin'
[0.445s] INFO:colcon.colcon_core.shell:Creating package script '/home/pc/ros2_humble_moveit2/ros2_ws/install/my_robot_bringup/share/my_robot_bringup/package.ps1'
[0.445s] INFO:colcon.colcon_core.shell:Creating package descriptor '/home/pc/ros2_humble_moveit2/ros2_ws/install/my_robot_bringup/share/my_robot_bringup/package.dsv'
[0.446s] INFO:colcon.colcon_core.shell:Creating package script '/home/pc/ros2_humble_moveit2/ros2_ws/install/my_robot_bringup/share/my_robot_bringup/package.sh'
[0.446s] INFO:colcon.colcon_core.shell:Creating package script '/home/pc/ros2_humble_moveit2/ros2_ws/install/my_robot_bringup/share/my_robot_bringup/package.bash'
[0.447s] INFO:colcon.colcon_core.shell:Creating package script '/home/pc/ros2_humble_moveit2/ros2_ws/install/my_robot_bringup/share/my_robot_bringup/package.zsh'
[0.447s] Level 1:colcon.colcon_core.environment:create_file_with_runtime_dependencies(/home/pc/ros2_humble_moveit2/ros2_ws/install/my_robot_bringup/share/colcon-core/packages/my_robot_bringup)
[0.448s] DEBUG:colcon.colcon_parallel_executor.executor.parallel:closing loop
[0.448s] DEBUG:colcon.colcon_parallel_executor.executor.parallel:loop closed
[0.448s] DEBUG:colcon.colcon_parallel_executor.executor.parallel:run_until_complete finished with '0'
[0.448s] DEBUG:colcon.colcon_core.event_reactor:joining thread
[0.452s] INFO:colcon.colcon_core.plugin_system:Skipping extension 'colcon_notification.desktop_notification.terminal_notifier': Not used on non-Darwin systems
[0.452s] INFO:colcon.colcon_core.plugin_system:Skipping extension 'colcon_notification.desktop_notification.win32': Not used on non-Windows systems
[0.452s] INFO:colcon.colcon_notification.desktop_notification:Sending desktop notification using 'notify2'
[0.468s] DEBUG:colcon.colcon_core.event_reactor:joined thread
[0.469s] INFO:colcon.colcon_core.shell:Creating prefix script '/home/pc/ros2_humble_moveit2/ros2_ws/install/local_setup.ps1'
[0.470s] INFO:colcon.colcon_core.shell:Creating prefix util module '/home/pc/ros2_humble_moveit2/ros2_ws/install/_local_setup_util_ps1.py'
[0.474s] INFO:colcon.colcon_core.shell:Creating prefix chain script '/home/pc/ros2_humble_moveit2/ros2_ws/install/setup.ps1'
[0.476s] INFO:colcon.colcon_core.shell:Creating prefix script '/home/pc/ros2_humble_moveit2/ros2_ws/install/local_setup.sh'
[0.479s] INFO:colcon.colcon_core.shell:Creating prefix util module '/home/pc/ros2_humble_moveit2/ros2_ws/install/_local_setup_util_sh.py'
[0.480s] INFO:colcon.colcon_core.shell:Creating prefix chain script '/home/pc/ros2_humble_moveit2/ros2_ws/install/setup.sh'
[0.481s] INFO:colcon.colcon_core.shell:Creating prefix script '/home/pc/ros2_humble_moveit2/ros2_ws/install/local_setup.bash'
[0.482s] INFO:colcon.colcon_core.shell:Creating prefix chain script '/home/pc/ros2_humble_moveit2/ros2_ws/install/setup.bash'
[0.484s] INFO:colcon.colcon_core.shell:Creating prefix script '/home/pc/ros2_humble_moveit2/ros2_ws/install/local_setup.zsh'
[0.487s] INFO:colcon.colcon_core.shell:Creating prefix chain script '/home/pc/ros2_humble_moveit2/ros2_ws/install/setup.zsh'
