[0.106s] DEBUG:colcon:Command line arguments: ['/usr/bin/colcon', 'build', '--packages-select', 'my_robot_commander_cpp']
[0.106s] DEBUG:colcon:Parsed command line arguments: Namespace(log_base=None, log_level=None, verb_name='build', build_base='build', install_base='install', merge_install=False, symlink_install=False, test_result_base=None, continue_on_error=False, executor='parallel', parallel_workers=2, event_handlers=None, ignore_user_meta=False, metas=['./colcon.meta'], base_paths=['.'], packages_ignore=None, packages_ignore_regex=None, paths=None, packages_up_to=None, packages_up_to_regex=None, packages_above=None, packages_above_and_dependencies=None, packages_above_depth=None, packages_select_by_dep=None, packages_skip_by_dep=None, packages_skip_up_to=None, packages_select_build_failed=False, packages_skip_build_finished=False, packages_select_test_failures=False, packages_skip_test_passed=False, packages_select=['my_robot_commander_cpp'], packages_skip=None, packages_select_regex=None, packages_skip_regex=None, packages_start=None, packages_end=None, allow_overriding=[], cmake_args=None, cmake_target=None, cmake_target_skip_unavailable=False, cmake_clean_cache=False, cmake_clean_first=False, cmake_force_configure=False, ament_cmake_args=None, catkin_cmake_args=None, catkin_skip_building_tests=False, verb_parser=<colcon_defaults.argument_parser.defaults.DefaultArgumentsDecorator object at 0x7c8a697045e0>, verb_extension=<colcon_core.verb.build.BuildVerb object at 0x7c8a698ddbd0>, main=<bound method BuildVerb.main of <colcon_core.verb.build.BuildVerb object at 0x7c8a698ddbd0>>)
[0.291s] Level 1:colcon.colcon_core.package_discovery:discover_packages(colcon_meta) check parameters
[0.291s] Level 1:colcon.colcon_core.package_discovery:discover_packages(recursive) check parameters
[0.291s] Level 1:colcon.colcon_core.package_discovery:discover_packages(ignore) check parameters
[0.292s] Level 1:colcon.colcon_core.package_discovery:discover_packages(path) check parameters
[0.292s] Level 1:colcon.colcon_core.package_discovery:discover_packages(colcon_meta) discover
[0.292s] Level 1:colcon.colcon_core.package_discovery:discover_packages(recursive) discover
[0.292s] INFO:colcon.colcon_core.package_discovery:Crawling recursively for packages in '/home/pc/ros2_humble_moveit2/ros2_ws'
[0.292s] Level 1:colcon.colcon_core.package_identification:_identify(.) by extensions ['ignore', 'ignore_ament_install']
[0.292s] Level 1:colcon.colcon_core.package_identification:_identify(.) by extension 'ignore'
[0.292s] Level 1:colcon.colcon_core.package_identification:_identify(.) by extension 'ignore_ament_install'
[0.292s] Level 1:colcon.colcon_core.package_identification:_identify(.) by extensions ['colcon_pkg']
[0.292s] Level 1:colcon.colcon_core.package_identification:_identify(.) by extension 'colcon_pkg'
[0.292s] Level 1:colcon.colcon_core.package_identification:_identify(.) by extensions ['colcon_meta']
[0.292s] Level 1:colcon.colcon_core.package_identification:_identify(.) by extension 'colcon_meta'
[0.292s] Level 1:colcon.colcon_core.package_identification:_identify(.) by extensions ['ros']
[0.292s] Level 1:colcon.colcon_core.package_identification:_identify(.) by extension 'ros'
[0.303s] Level 1:colcon.colcon_core.package_identification:_identify(.) by extensions ['cmake', 'python']
[0.303s] Level 1:colcon.colcon_core.package_identification:_identify(.) by extension 'cmake'
[0.303s] Level 1:colcon.colcon_core.package_identification:_identify(.) by extension 'python'
[0.303s] Level 1:colcon.colcon_core.package_identification:_identify(.) by extensions ['python_setup_py']
[0.303s] Level 1:colcon.colcon_core.package_identification:_identify(.) by extension 'python_setup_py'
[0.303s] Level 1:colcon.colcon_core.package_identification:_identify(build) by extensions ['ignore', 'ignore_ament_install']
[0.303s] Level 1:colcon.colcon_core.package_identification:_identify(build) by extension 'ignore'
[0.303s] Level 1:colcon.colcon_core.package_identification:_identify(build) ignored
[0.304s] Level 1:colcon.colcon_core.package_identification:_identify(install) by extensions ['ignore', 'ignore_ament_install']
[0.304s] Level 1:colcon.colcon_core.package_identification:_identify(install) by extension 'ignore'
[0.304s] Level 1:colcon.colcon_core.package_identification:_identify(install) ignored
[0.304s] Level 1:colcon.colcon_core.package_identification:_identify(log) by extensions ['ignore', 'ignore_ament_install']
[0.304s] Level 1:colcon.colcon_core.package_identification:_identify(log) by extension 'ignore'
[0.304s] Level 1:colcon.colcon_core.package_identification:_identify(log) ignored
[0.304s] Level 1:colcon.colcon_core.package_identification:_identify(src) by extensions ['ignore', 'ignore_ament_install']
[0.304s] Level 1:colcon.colcon_core.package_identification:_identify(src) by extension 'ignore'
[0.304s] Level 1:colcon.colcon_core.package_identification:_identify(src) by extension 'ignore_ament_install'
[0.304s] Level 1:colcon.colcon_core.package_identification:_identify(src) by extensions ['colcon_pkg']
[0.304s] Level 1:colcon.colcon_core.package_identification:_identify(src) by extension 'colcon_pkg'
[0.304s] Level 1:colcon.colcon_core.package_identification:_identify(src) by extensions ['colcon_meta']
[0.304s] Level 1:colcon.colcon_core.package_identification:_identify(src) by extension 'colcon_meta'
[0.304s] Level 1:colcon.colcon_core.package_identification:_identify(src) by extensions ['ros']
[0.304s] Level 1:colcon.colcon_core.package_identification:_identify(src) by extension 'ros'
[0.304s] Level 1:colcon.colcon_core.package_identification:_identify(src) by extensions ['cmake', 'python']
[0.304s] Level 1:colcon.colcon_core.package_identification:_identify(src) by extension 'cmake'
[0.304s] Level 1:colcon.colcon_core.package_identification:_identify(src) by extension 'python'
[0.304s] Level 1:colcon.colcon_core.package_identification:_identify(src) by extensions ['python_setup_py']
[0.304s] Level 1:colcon.colcon_core.package_identification:_identify(src) by extension 'python_setup_py'
[0.305s] Level 1:colcon.colcon_core.package_identification:_identify(src/my_robot_bringup) by extensions ['ignore', 'ignore_ament_install']
[0.305s] Level 1:colcon.colcon_core.package_identification:_identify(src/my_robot_bringup) by extension 'ignore'
[0.305s] Level 1:colcon.colcon_core.package_identification:_identify(src/my_robot_bringup) by extension 'ignore_ament_install'
[0.305s] Level 1:colcon.colcon_core.package_identification:_identify(src/my_robot_bringup) by extensions ['colcon_pkg']
[0.305s] Level 1:colcon.colcon_core.package_identification:_identify(src/my_robot_bringup) by extension 'colcon_pkg'
[0.305s] Level 1:colcon.colcon_core.package_identification:_identify(src/my_robot_bringup) by extensions ['colcon_meta']
[0.305s] Level 1:colcon.colcon_core.package_identification:_identify(src/my_robot_bringup) by extension 'colcon_meta'
[0.305s] Level 1:colcon.colcon_core.package_identification:_identify(src/my_robot_bringup) by extensions ['ros']
[0.305s] Level 1:colcon.colcon_core.package_identification:_identify(src/my_robot_bringup) by extension 'ros'
[0.307s] DEBUG:colcon.colcon_core.package_identification:Package 'src/my_robot_bringup' with type 'ros.ament_cmake' and name 'my_robot_bringup'
[0.307s] Level 1:colcon.colcon_core.package_identification:_identify(src/my_robot_commander_cpp) by extensions ['ignore', 'ignore_ament_install']
[0.307s] Level 1:colcon.colcon_core.package_identification:_identify(src/my_robot_commander_cpp) by extension 'ignore'
[0.307s] Level 1:colcon.colcon_core.package_identification:_identify(src/my_robot_commander_cpp) by extension 'ignore_ament_install'
[0.307s] Level 1:colcon.colcon_core.package_identification:_identify(src/my_robot_commander_cpp) by extensions ['colcon_pkg']
[0.307s] Level 1:colcon.colcon_core.package_identification:_identify(src/my_robot_commander_cpp) by extension 'colcon_pkg'
[0.308s] Level 1:colcon.colcon_core.package_identification:_identify(src/my_robot_commander_cpp) by extensions ['colcon_meta']
[0.308s] Level 1:colcon.colcon_core.package_identification:_identify(src/my_robot_commander_cpp) by extension 'colcon_meta'
[0.308s] Level 1:colcon.colcon_core.package_identification:_identify(src/my_robot_commander_cpp) by extensions ['ros']
[0.308s] Level 1:colcon.colcon_core.package_identification:_identify(src/my_robot_commander_cpp) by extension 'ros'
[0.309s] DEBUG:colcon.colcon_core.package_identification:Package 'src/my_robot_commander_cpp' with type 'ros.ament_cmake' and name 'my_robot_commander_cpp'
[0.309s] Level 1:colcon.colcon_core.package_identification:_identify(src/my_robot_description) by extensions ['ignore', 'ignore_ament_install']
[0.309s] Level 1:colcon.colcon_core.package_identification:_identify(src/my_robot_description) by extension 'ignore'
[0.309s] Level 1:colcon.colcon_core.package_identification:_identify(src/my_robot_description) by extension 'ignore_ament_install'
[0.309s] Level 1:colcon.colcon_core.package_identification:_identify(src/my_robot_description) by extensions ['colcon_pkg']
[0.309s] Level 1:colcon.colcon_core.package_identification:_identify(src/my_robot_description) by extension 'colcon_pkg'
[0.309s] Level 1:colcon.colcon_core.package_identification:_identify(src/my_robot_description) by extensions ['colcon_meta']
[0.309s] Level 1:colcon.colcon_core.package_identification:_identify(src/my_robot_description) by extension 'colcon_meta'
[0.309s] Level 1:colcon.colcon_core.package_identification:_identify(src/my_robot_description) by extensions ['ros']
[0.309s] Level 1:colcon.colcon_core.package_identification:_identify(src/my_robot_description) by extension 'ros'
[0.309s] DEBUG:colcon.colcon_core.package_identification:Package 'src/my_robot_description' with type 'ros.ament_cmake' and name 'my_robot_description'
[0.310s] Level 1:colcon.colcon_core.package_identification:_identify(src/my_robot_interfaces) by extensions ['ignore', 'ignore_ament_install']
[0.310s] Level 1:colcon.colcon_core.package_identification:_identify(src/my_robot_interfaces) by extension 'ignore'
[0.310s] Level 1:colcon.colcon_core.package_identification:_identify(src/my_robot_interfaces) by extension 'ignore_ament_install'
[0.310s] Level 1:colcon.colcon_core.package_identification:_identify(src/my_robot_interfaces) by extensions ['colcon_pkg']
[0.310s] Level 1:colcon.colcon_core.package_identification:_identify(src/my_robot_interfaces) by extension 'colcon_pkg'
[0.310s] Level 1:colcon.colcon_core.package_identification:_identify(src/my_robot_interfaces) by extensions ['colcon_meta']
[0.310s] Level 1:colcon.colcon_core.package_identification:_identify(src/my_robot_interfaces) by extension 'colcon_meta'
[0.310s] Level 1:colcon.colcon_core.package_identification:_identify(src/my_robot_interfaces) by extensions ['ros']
[0.310s] Level 1:colcon.colcon_core.package_identification:_identify(src/my_robot_interfaces) by extension 'ros'
[0.311s] DEBUG:colcon.colcon_core.package_identification:Package 'src/my_robot_interfaces' with type 'ros.ament_cmake' and name 'my_robot_interfaces'
[0.311s] Level 1:colcon.colcon_core.package_identification:_identify(src/my_robot_moveit_config) by extensions ['ignore', 'ignore_ament_install']
[0.311s] Level 1:colcon.colcon_core.package_identification:_identify(src/my_robot_moveit_config) by extension 'ignore'
[0.311s] Level 1:colcon.colcon_core.package_identification:_identify(src/my_robot_moveit_config) by extension 'ignore_ament_install'
[0.311s] Level 1:colcon.colcon_core.package_identification:_identify(src/my_robot_moveit_config) by extensions ['colcon_pkg']
[0.311s] Level 1:colcon.colcon_core.package_identification:_identify(src/my_robot_moveit_config) by extension 'colcon_pkg'
[0.311s] Level 1:colcon.colcon_core.package_identification:_identify(src/my_robot_moveit_config) by extensions ['colcon_meta']
[0.311s] Level 1:colcon.colcon_core.package_identification:_identify(src/my_robot_moveit_config) by extension 'colcon_meta'
[0.311s] Level 1:colcon.colcon_core.package_identification:_identify(src/my_robot_moveit_config) by extensions ['ros']
[0.311s] Level 1:colcon.colcon_core.package_identification:_identify(src/my_robot_moveit_config) by extension 'ros'
[0.312s] DEBUG:colcon.colcon_core.package_identification:Package 'src/my_robot_moveit_config' with type 'ros.ament_cmake' and name 'my_robot_moveit_config'
[0.312s] Level 1:colcon.colcon_core.package_discovery:discover_packages(recursive) using defaults
[0.312s] Level 1:colcon.colcon_core.package_discovery:discover_packages(ignore) discover
[0.312s] Level 1:colcon.colcon_core.package_discovery:discover_packages(ignore) using defaults
[0.312s] Level 1:colcon.colcon_core.package_discovery:discover_packages(path) discover
[0.312s] Level 1:colcon.colcon_core.package_discovery:discover_packages(path) using defaults
[0.332s] INFO:colcon.colcon_core.package_selection:Skipping not selected package 'my_robot_description' in 'src/my_robot_description'
[0.332s] INFO:colcon.colcon_core.package_selection:Skipping not selected package 'my_robot_interfaces' in 'src/my_robot_interfaces'
[0.332s] INFO:colcon.colcon_core.package_selection:Skipping not selected package 'my_robot_moveit_config' in 'src/my_robot_moveit_config'
[0.332s] INFO:colcon.colcon_core.package_selection:Skipping not selected package 'my_robot_bringup' in 'src/my_robot_bringup'
[0.332s] Level 1:colcon.colcon_core.package_discovery:discover_packages(prefix_path) check parameters
[0.332s] Level 1:colcon.colcon_core.package_discovery:discover_packages(prefix_path) discover
[0.337s] DEBUG:colcon.colcon_installed_package_information.package_discovery:Found 4 installed packages in /home/pc/ros2_humble_moveit2/ros2_ws/install
[0.337s] DEBUG:colcon.colcon_installed_package_information.package_discovery:Found 6 installed packages in /home/pc/ros2_ws/install
[0.338s] DEBUG:colcon.colcon_installed_package_information.package_discovery:Found 2 installed packages in /home/pc/myRobot/install
[0.339s] DEBUG:colcon.colcon_installed_package_information.package_discovery:Found 387 installed packages in /opt/ros/humble
[0.350s] Level 1:colcon.colcon_core.package_discovery:discover_packages(prefix_path) using defaults
[0.400s] Level 5:colcon.colcon_core.verb:set package 'my_robot_commander_cpp' build argument 'cmake_args' from command line to 'None'
[0.400s] Level 5:colcon.colcon_core.verb:set package 'my_robot_commander_cpp' build argument 'cmake_target' from command line to 'None'
[0.400s] Level 5:colcon.colcon_core.verb:set package 'my_robot_commander_cpp' build argument 'cmake_target_skip_unavailable' from command line to 'False'
[0.400s] Level 5:colcon.colcon_core.verb:set package 'my_robot_commander_cpp' build argument 'cmake_clean_cache' from command line to 'False'
[0.400s] Level 5:colcon.colcon_core.verb:set package 'my_robot_commander_cpp' build argument 'cmake_clean_first' from command line to 'False'
[0.400s] Level 5:colcon.colcon_core.verb:set package 'my_robot_commander_cpp' build argument 'cmake_force_configure' from command line to 'False'
[0.400s] Level 5:colcon.colcon_core.verb:set package 'my_robot_commander_cpp' build argument 'ament_cmake_args' from command line to 'None'
[0.400s] Level 5:colcon.colcon_core.verb:set package 'my_robot_commander_cpp' build argument 'catkin_cmake_args' from command line to 'None'
[0.400s] Level 5:colcon.colcon_core.verb:set package 'my_robot_commander_cpp' build argument 'catkin_skip_building_tests' from command line to 'False'
[0.400s] DEBUG:colcon.colcon_core.verb:Building package 'my_robot_commander_cpp' with the following arguments: {'ament_cmake_args': None, 'build_base': '/home/pc/ros2_humble_moveit2/ros2_ws/build/my_robot_commander_cpp', 'catkin_cmake_args': None, 'catkin_skip_building_tests': False, 'cmake_args': None, 'cmake_clean_cache': False, 'cmake_clean_first': False, 'cmake_force_configure': False, 'cmake_target': None, 'cmake_target_skip_unavailable': False, 'install_base': '/home/pc/ros2_humble_moveit2/ros2_ws/install/my_robot_commander_cpp', 'merge_install': False, 'path': '/home/pc/ros2_humble_moveit2/ros2_ws/src/my_robot_commander_cpp', 'symlink_install': False, 'test_result_base': None}
[0.400s] INFO:colcon.colcon_core.executor:Executing jobs using 'parallel' executor
[0.401s] DEBUG:colcon.colcon_parallel_executor.executor.parallel:run_until_complete
[0.402s] INFO:colcon.colcon_ros.task.ament_cmake.build:Building ROS package in '/home/pc/ros2_humble_moveit2/ros2_ws/src/my_robot_commander_cpp' with build type 'ament_cmake'
[0.402s] INFO:colcon.colcon_cmake.task.cmake.build:Building CMake package in '/home/pc/ros2_humble_moveit2/ros2_ws/src/my_robot_commander_cpp'
[0.404s] INFO:colcon.colcon_core.plugin_system:Skipping extension 'colcon_core.shell.bat': Not used on non-Windows systems
[0.404s] INFO:colcon.colcon_core.shell:Skip shell extension 'powershell' for command environment: Not usable outside of PowerShell
[0.404s] DEBUG:colcon.colcon_core.shell:Skip shell extension 'dsv' for command environment
[0.425s] DEBUG:colcon.colcon_core.event_handler.log_command:Invoking command in '/home/pc/ros2_humble_moveit2/ros2_ws/build/my_robot_commander_cpp': CMAKE_PREFIX_PATH=/home/pc/ros2_humble_moveit2/ros2_ws/install/my_robot_interfaces:/home/pc/ros2_humble_moveit2/ros2_ws/install/my_robot_bringup:/home/pc/ros2_humble_moveit2/ros2_ws/install/my_robot_moveit_config:/home/pc/ros2_humble_moveit2/ros2_ws/install/my_robot_description:/home/pc/ros2_ws/install/my_robot_bringup:/home/pc/ros2_ws/install/my_robot_moveit_config:/home/pc/ros2_ws/install/my_robot_commander_cpp:/home/pc/ros2_ws/install/my_robot_interfaces:/home/pc/ros2_ws/install/my_robot_gripper_moveit_config:/home/pc/ros2_ws/install/my_robot_description:/home/pc/myRobot/install/mybot:/home/pc/myRobot/install/mybot_description:/opt/ros/humble /usr/bin/cmake /home/pc/ros2_humble_moveit2/ros2_ws/src/my_robot_commander_cpp -DCMAKE_INSTALL_PREFIX=/home/pc/ros2_humble_moveit2/ros2_ws/install/my_robot_commander_cpp
[2.838s] DEBUG:colcon.colcon_core.event_handler.log_command:Invoked command in '/home/pc/ros2_humble_moveit2/ros2_ws/build/my_robot_commander_cpp' returned '0': CMAKE_PREFIX_PATH=/home/pc/ros2_humble_moveit2/ros2_ws/install/my_robot_interfaces:/home/pc/ros2_humble_moveit2/ros2_ws/install/my_robot_bringup:/home/pc/ros2_humble_moveit2/ros2_ws/install/my_robot_moveit_config:/home/pc/ros2_humble_moveit2/ros2_ws/install/my_robot_description:/home/pc/ros2_ws/install/my_robot_bringup:/home/pc/ros2_ws/install/my_robot_moveit_config:/home/pc/ros2_ws/install/my_robot_commander_cpp:/home/pc/ros2_ws/install/my_robot_interfaces:/home/pc/ros2_ws/install/my_robot_gripper_moveit_config:/home/pc/ros2_ws/install/my_robot_description:/home/pc/myRobot/install/mybot:/home/pc/myRobot/install/mybot_description:/opt/ros/humble /usr/bin/cmake /home/pc/ros2_humble_moveit2/ros2_ws/src/my_robot_commander_cpp -DCMAKE_INSTALL_PREFIX=/home/pc/ros2_humble_moveit2/ros2_ws/install/my_robot_commander_cpp
[2.842s] DEBUG:colcon.colcon_core.event_handler.log_command:Invoking command in '/home/pc/ros2_humble_moveit2/ros2_ws/build/my_robot_commander_cpp': CMAKE_PREFIX_PATH=/home/pc/ros2_humble_moveit2/ros2_ws/install/my_robot_interfaces:/home/pc/ros2_humble_moveit2/ros2_ws/install/my_robot_bringup:/home/pc/ros2_humble_moveit2/ros2_ws/install/my_robot_moveit_config:/home/pc/ros2_humble_moveit2/ros2_ws/install/my_robot_description:/home/pc/ros2_ws/install/my_robot_bringup:/home/pc/ros2_ws/install/my_robot_moveit_config:/home/pc/ros2_ws/install/my_robot_commander_cpp:/home/pc/ros2_ws/install/my_robot_interfaces:/home/pc/ros2_ws/install/my_robot_gripper_moveit_config:/home/pc/ros2_ws/install/my_robot_description:/home/pc/myRobot/install/mybot:/home/pc/myRobot/install/mybot_description:/opt/ros/humble /usr/bin/cmake --build /home/pc/ros2_humble_moveit2/ros2_ws/build/my_robot_commander_cpp -- -j2 -l2
[28.419s] DEBUG:colcon.colcon_core.event_handler.log_command:Invoked command in '/home/pc/ros2_humble_moveit2/ros2_ws/build/my_robot_commander_cpp' returned '0': CMAKE_PREFIX_PATH=/home/pc/ros2_humble_moveit2/ros2_ws/install/my_robot_interfaces:/home/pc/ros2_humble_moveit2/ros2_ws/install/my_robot_bringup:/home/pc/ros2_humble_moveit2/ros2_ws/install/my_robot_moveit_config:/home/pc/ros2_humble_moveit2/ros2_ws/install/my_robot_description:/home/pc/ros2_ws/install/my_robot_bringup:/home/pc/ros2_ws/install/my_robot_moveit_config:/home/pc/ros2_ws/install/my_robot_commander_cpp:/home/pc/ros2_ws/install/my_robot_interfaces:/home/pc/ros2_ws/install/my_robot_gripper_moveit_config:/home/pc/ros2_ws/install/my_robot_description:/home/pc/myRobot/install/mybot:/home/pc/myRobot/install/mybot_description:/opt/ros/humble /usr/bin/cmake --build /home/pc/ros2_humble_moveit2/ros2_ws/build/my_robot_commander_cpp -- -j2 -l2
[28.430s] DEBUG:colcon.colcon_core.event_handler.log_command:Invoking command in '/home/pc/ros2_humble_moveit2/ros2_ws/build/my_robot_commander_cpp': CMAKE_PREFIX_PATH=/home/pc/ros2_humble_moveit2/ros2_ws/install/my_robot_interfaces:/home/pc/ros2_humble_moveit2/ros2_ws/install/my_robot_bringup:/home/pc/ros2_humble_moveit2/ros2_ws/install/my_robot_moveit_config:/home/pc/ros2_humble_moveit2/ros2_ws/install/my_robot_description:/home/pc/ros2_ws/install/my_robot_bringup:/home/pc/ros2_ws/install/my_robot_moveit_config:/home/pc/ros2_ws/install/my_robot_commander_cpp:/home/pc/ros2_ws/install/my_robot_interfaces:/home/pc/ros2_ws/install/my_robot_gripper_moveit_config:/home/pc/ros2_ws/install/my_robot_description:/home/pc/myRobot/install/mybot:/home/pc/myRobot/install/mybot_description:/opt/ros/humble /usr/bin/cmake --install /home/pc/ros2_humble_moveit2/ros2_ws/build/my_robot_commander_cpp
[28.452s] Level 1:colcon.colcon_core.environment:create_environment_scripts_only(my_robot_commander_cpp)
[28.453s] DEBUG:colcon.colcon_core.event_handler.log_command:Invoked command in '/home/pc/ros2_humble_moveit2/ros2_ws/build/my_robot_commander_cpp' returned '0': CMAKE_PREFIX_PATH=/home/pc/ros2_humble_moveit2/ros2_ws/install/my_robot_interfaces:/home/pc/ros2_humble_moveit2/ros2_ws/install/my_robot_bringup:/home/pc/ros2_humble_moveit2/ros2_ws/install/my_robot_moveit_config:/home/pc/ros2_humble_moveit2/ros2_ws/install/my_robot_description:/home/pc/ros2_ws/install/my_robot_bringup:/home/pc/ros2_ws/install/my_robot_moveit_config:/home/pc/ros2_ws/install/my_robot_commander_cpp:/home/pc/ros2_ws/install/my_robot_interfaces:/home/pc/ros2_ws/install/my_robot_gripper_moveit_config:/home/pc/ros2_ws/install/my_robot_description:/home/pc/myRobot/install/mybot:/home/pc/myRobot/install/mybot_description:/opt/ros/humble /usr/bin/cmake --install /home/pc/ros2_humble_moveit2/ros2_ws/build/my_robot_commander_cpp
[28.462s] Level 1:colcon.colcon_core.environment:checking '/home/pc/ros2_humble_moveit2/ros2_ws/install/my_robot_commander_cpp' for CMake module files
[28.462s] Level 1:colcon.colcon_core.environment:checking '/home/pc/ros2_humble_moveit2/ros2_ws/install/my_robot_commander_cpp' for CMake config files
[28.463s] Level 1:colcon.colcon_core.shell:create_environment_hook('my_robot_commander_cpp', 'cmake_prefix_path')
[28.463s] INFO:colcon.colcon_core.shell:Creating environment hook '/home/pc/ros2_humble_moveit2/ros2_ws/install/my_robot_commander_cpp/share/my_robot_commander_cpp/hook/cmake_prefix_path.ps1'
[28.464s] INFO:colcon.colcon_core.shell:Creating environment descriptor '/home/pc/ros2_humble_moveit2/ros2_ws/install/my_robot_commander_cpp/share/my_robot_commander_cpp/hook/cmake_prefix_path.dsv'
[28.464s] INFO:colcon.colcon_core.shell:Creating environment hook '/home/pc/ros2_humble_moveit2/ros2_ws/install/my_robot_commander_cpp/share/my_robot_commander_cpp/hook/cmake_prefix_path.sh'
[28.466s] Level 1:colcon.colcon_core.environment:checking '/home/pc/ros2_humble_moveit2/ros2_ws/install/my_robot_commander_cpp/lib'
[28.466s] Level 1:colcon.colcon_core.environment:checking '/home/pc/ros2_humble_moveit2/ros2_ws/install/my_robot_commander_cpp/bin'
[28.466s] Level 1:colcon.colcon_core.environment:checking '/home/pc/ros2_humble_moveit2/ros2_ws/install/my_robot_commander_cpp/lib/pkgconfig/my_robot_commander_cpp.pc'
[28.466s] Level 1:colcon.colcon_core.environment:checking '/home/pc/ros2_humble_moveit2/ros2_ws/install/my_robot_commander_cpp/lib/python3.10/site-packages'
[28.466s] Level 1:colcon.colcon_core.environment:checking '/home/pc/ros2_humble_moveit2/ros2_ws/install/my_robot_commander_cpp/bin'
[28.467s] INFO:colcon.colcon_core.shell:Creating package script '/home/pc/ros2_humble_moveit2/ros2_ws/install/my_robot_commander_cpp/share/my_robot_commander_cpp/package.ps1'
[28.468s] INFO:colcon.colcon_core.shell:Creating package descriptor '/home/pc/ros2_humble_moveit2/ros2_ws/install/my_robot_commander_cpp/share/my_robot_commander_cpp/package.dsv'
[28.468s] INFO:colcon.colcon_core.shell:Creating package script '/home/pc/ros2_humble_moveit2/ros2_ws/install/my_robot_commander_cpp/share/my_robot_commander_cpp/package.sh'
[28.469s] INFO:colcon.colcon_core.shell:Creating package script '/home/pc/ros2_humble_moveit2/ros2_ws/install/my_robot_commander_cpp/share/my_robot_commander_cpp/package.bash'
[28.470s] INFO:colcon.colcon_core.shell:Creating package script '/home/pc/ros2_humble_moveit2/ros2_ws/install/my_robot_commander_cpp/share/my_robot_commander_cpp/package.zsh'
[28.471s] Level 1:colcon.colcon_core.environment:create_file_with_runtime_dependencies(/home/pc/ros2_humble_moveit2/ros2_ws/install/my_robot_commander_cpp/share/colcon-core/packages/my_robot_commander_cpp)
[28.471s] Level 1:colcon.colcon_core.environment:create_environment_scripts_only(my_robot_commander_cpp)
[28.472s] Level 1:colcon.colcon_core.environment:checking '/home/pc/ros2_humble_moveit2/ros2_ws/install/my_robot_commander_cpp' for CMake module files
[28.472s] Level 1:colcon.colcon_core.environment:checking '/home/pc/ros2_humble_moveit2/ros2_ws/install/my_robot_commander_cpp' for CMake config files
[28.472s] Level 1:colcon.colcon_core.shell:create_environment_hook('my_robot_commander_cpp', 'cmake_prefix_path')
[28.472s] INFO:colcon.colcon_core.shell:Creating environment hook '/home/pc/ros2_humble_moveit2/ros2_ws/install/my_robot_commander_cpp/share/my_robot_commander_cpp/hook/cmake_prefix_path.ps1'
[28.473s] INFO:colcon.colcon_core.shell:Creating environment descriptor '/home/pc/ros2_humble_moveit2/ros2_ws/install/my_robot_commander_cpp/share/my_robot_commander_cpp/hook/cmake_prefix_path.dsv'
[28.473s] INFO:colcon.colcon_core.shell:Creating environment hook '/home/pc/ros2_humble_moveit2/ros2_ws/install/my_robot_commander_cpp/share/my_robot_commander_cpp/hook/cmake_prefix_path.sh'
[28.474s] Level 1:colcon.colcon_core.environment:checking '/home/pc/ros2_humble_moveit2/ros2_ws/install/my_robot_commander_cpp/lib'
[28.474s] Level 1:colcon.colcon_core.environment:checking '/home/pc/ros2_humble_moveit2/ros2_ws/install/my_robot_commander_cpp/bin'
[28.474s] Level 1:colcon.colcon_core.environment:checking '/home/pc/ros2_humble_moveit2/ros2_ws/install/my_robot_commander_cpp/lib/pkgconfig/my_robot_commander_cpp.pc'
[28.474s] Level 1:colcon.colcon_core.environment:checking '/home/pc/ros2_humble_moveit2/ros2_ws/install/my_robot_commander_cpp/lib/python3.10/site-packages'
[28.474s] Level 1:colcon.colcon_core.environment:checking '/home/pc/ros2_humble_moveit2/ros2_ws/install/my_robot_commander_cpp/bin'
[28.475s] INFO:colcon.colcon_core.shell:Creating package script '/home/pc/ros2_humble_moveit2/ros2_ws/install/my_robot_commander_cpp/share/my_robot_commander_cpp/package.ps1'
[28.475s] INFO:colcon.colcon_core.shell:Creating package descriptor '/home/pc/ros2_humble_moveit2/ros2_ws/install/my_robot_commander_cpp/share/my_robot_commander_cpp/package.dsv'
[28.476s] INFO:colcon.colcon_core.shell:Creating package script '/home/pc/ros2_humble_moveit2/ros2_ws/install/my_robot_commander_cpp/share/my_robot_commander_cpp/package.sh'
[28.477s] INFO:colcon.colcon_core.shell:Creating package script '/home/pc/ros2_humble_moveit2/ros2_ws/install/my_robot_commander_cpp/share/my_robot_commander_cpp/package.bash'
[28.477s] INFO:colcon.colcon_core.shell:Creating package script '/home/pc/ros2_humble_moveit2/ros2_ws/install/my_robot_commander_cpp/share/my_robot_commander_cpp/package.zsh'
[28.477s] Level 1:colcon.colcon_core.environment:create_file_with_runtime_dependencies(/home/pc/ros2_humble_moveit2/ros2_ws/install/my_robot_commander_cpp/share/colcon-core/packages/my_robot_commander_cpp)
[28.478s] DEBUG:colcon.colcon_parallel_executor.executor.parallel:closing loop
[28.478s] DEBUG:colcon.colcon_parallel_executor.executor.parallel:loop closed
[28.478s] DEBUG:colcon.colcon_parallel_executor.executor.parallel:run_until_complete finished with '0'
[28.478s] DEBUG:colcon.colcon_core.event_reactor:joining thread
[28.497s] INFO:colcon.colcon_core.plugin_system:Skipping extension 'colcon_notification.desktop_notification.terminal_notifier': Not used on non-Darwin systems
[28.497s] INFO:colcon.colcon_core.plugin_system:Skipping extension 'colcon_notification.desktop_notification.win32': Not used on non-Windows systems
[28.497s] INFO:colcon.colcon_notification.desktop_notification:Sending desktop notification using 'notify2'
[28.513s] DEBUG:colcon.colcon_core.event_reactor:joined thread
[28.513s] INFO:colcon.colcon_core.shell:Creating prefix script '/home/pc/ros2_humble_moveit2/ros2_ws/install/local_setup.ps1'
[28.515s] INFO:colcon.colcon_core.shell:Creating prefix util module '/home/pc/ros2_humble_moveit2/ros2_ws/install/_local_setup_util_ps1.py'
[28.517s] INFO:colcon.colcon_core.shell:Creating prefix chain script '/home/pc/ros2_humble_moveit2/ros2_ws/install/setup.ps1'
[28.523s] INFO:colcon.colcon_core.shell:Creating prefix script '/home/pc/ros2_humble_moveit2/ros2_ws/install/local_setup.sh'
[28.524s] INFO:colcon.colcon_core.shell:Creating prefix util module '/home/pc/ros2_humble_moveit2/ros2_ws/install/_local_setup_util_sh.py'
[28.525s] INFO:colcon.colcon_core.shell:Creating prefix chain script '/home/pc/ros2_humble_moveit2/ros2_ws/install/setup.sh'
[28.526s] INFO:colcon.colcon_core.shell:Creating prefix script '/home/pc/ros2_humble_moveit2/ros2_ws/install/local_setup.bash'
[28.527s] INFO:colcon.colcon_core.shell:Creating prefix chain script '/home/pc/ros2_humble_moveit2/ros2_ws/install/setup.bash'
[28.529s] INFO:colcon.colcon_core.shell:Creating prefix script '/home/pc/ros2_humble_moveit2/ros2_ws/install/local_setup.zsh'
[28.529s] INFO:colcon.colcon_core.shell:Creating prefix chain script '/home/pc/ros2_humble_moveit2/ros2_ws/install/setup.zsh'
